{"/Volumes/ORICO/ws/prj/luban-ws/change-dark/packages/shared/src/color-parse.ts": {"path":"/Volumes/ORICO/ws/prj/luban-ws/change-dark/packages/shared/src/color-parse.ts","all":false,"statementMap":{"4":{"start":{"line":5,"column":0},"end":{"line":5,"column":86}},"5":{"start":{"line":6,"column":0},"end":{"line":6,"column":24}},"6":{"start":{"line":7,"column":0},"end":{"line":7,"column":50}},"7":{"start":{"line":8,"column":0},"end":{"line":8,"column":72}},"8":{"start":{"line":9,"column":0},"end":{"line":9,"column":21}},"9":{"start":{"line":10,"column":0},"end":{"line":10,"column":34}},"10":{"start":{"line":11,"column":0},"end":{"line":11,"column":34}},"11":{"start":{"line":12,"column":0},"end":{"line":12,"column":34}},"12":{"start":{"line":13,"column":0},"end":{"line":13,"column":57}},"13":{"start":{"line":14,"column":0},"end":{"line":14,"column":18}},"14":{"start":{"line":15,"column":0},"end":{"line":15,"column":1}},"16":{"start":{"line":17,"column":0},"end":{"line":17,"column":38}},"17":{"start":{"line":18,"column":0},"end":{"line":18,"column":33}},"18":{"start":{"line":19,"column":0},"end":{"line":19,"column":50}},"19":{"start":{"line":20,"column":0},"end":{"line":20,"column":1}}},"s":{"4":1,"5":6,"6":6,"7":4,"8":6,"9":2,"10":2,"11":2,"12":6,"13":2,"14":2,"16":6,"17":6,"18":6,"19":6},"branchMap":{"0":{"type":"branch","line":5,"loc":{"start":{"line":5,"column":7},"end":{"line":15,"column":1}},"locations":[{"start":{"line":5,"column":7},"end":{"line":15,"column":1}}]},"1":{"type":"branch","line":7,"loc":{"start":{"line":7,"column":12},"end":{"line":7,"column":39}},"locations":[{"start":{"line":7,"column":12},"end":{"line":7,"column":39}}]},"2":{"type":"branch","line":7,"loc":{"start":{"line":7,"column":39},"end":{"line":7,"column":50}},"locations":[{"start":{"line":7,"column":39},"end":{"line":7,"column":50}}]},"3":{"type":"branch","line":7,"loc":{"start":{"line":7,"column":46},"end":{"line":9,"column":17}},"locations":[{"start":{"line":7,"column":46},"end":{"line":9,"column":17}}]},"4":{"type":"branch","line":9,"loc":{"start":{"line":9,"column":10},"end":{"line":13,"column":53}},"locations":[{"start":{"line":9,"column":10},"end":{"line":13,"column":53}}]},"5":{"type":"branch","line":13,"loc":{"start":{"line":13,"column":46},"end":{"line":13,"column":57}},"locations":[{"start":{"line":13,"column":46},"end":{"line":13,"column":57}}]},"6":{"type":"branch","line":13,"loc":{"start":{"line":13,"column":53},"end":{"line":15,"column":1}},"locations":[{"start":{"line":13,"column":53},"end":{"line":15,"column":1}}]},"7":{"type":"branch","line":13,"loc":{"start":{"line":13,"column":21},"end":{"line":13,"column":43}},"locations":[{"start":{"line":13,"column":21},"end":{"line":13,"column":43}}]},"8":{"type":"branch","line":17,"loc":{"start":{"line":17,"column":0},"end":{"line":20,"column":1}},"locations":[{"start":{"line":17,"column":0},"end":{"line":20,"column":1}}]},"9":{"type":"branch","line":18,"loc":{"start":{"line":18,"column":23},"end":{"line":18,"column":33}},"locations":[{"start":{"line":18,"column":23},"end":{"line":18,"column":33}}]}},"b":{"0":[6],"1":[5],"2":[2],"3":[4],"4":[2],"5":[0],"6":[2],"7":[6],"8":[6],"9":[0]},"fnMap":{"0":{"name":"parseCssRgbToTriplet","decl":{"start":{"line":5,"column":7},"end":{"line":15,"column":1}},"loc":{"start":{"line":5,"column":7},"end":{"line":15,"column":1}},"line":5},"1":{"name":"clamp255","decl":{"start":{"line":17,"column":0},"end":{"line":20,"column":1}},"loc":{"start":{"line":17,"column":0},"end":{"line":20,"column":1}},"line":17}},"f":{"0":6,"1":6}}
,"/Volumes/ORICO/ws/prj/luban-ws/change-dark/packages/shared/src/constants.ts": {"path":"/Volumes/ORICO/ws/prj/luban-ws/change-dark/packages/shared/src/constants.ts","all":false,"statementMap":{"1":{"start":{"line":2,"column":0},"end":{"line":2,"column":70}},"4":{"start":{"line":5,"column":0},"end":{"line":5,"column":54}},"10":{"start":{"line":11,"column":0},"end":{"line":11,"column":56}},"16":{"start":{"line":17,"column":0},"end":{"line":17,"column":74}},"19":{"start":{"line":20,"column":0},"end":{"line":20,"column":60}},"22":{"start":{"line":23,"column":0},"end":{"line":23,"column":76}},"25":{"start":{"line":26,"column":0},"end":{"line":26,"column":78}},"32":{"start":{"line":33,"column":0},"end":{"line":33,"column":79}},"35":{"start":{"line":36,"column":0},"end":{"line":36,"column":71}},"38":{"start":{"line":39,"column":0},"end":{"line":39,"column":81}},"41":{"start":{"line":42,"column":0},"end":{"line":42,"column":68}},"44":{"start":{"line":45,"column":0},"end":{"line":45,"column":62}},"47":{"start":{"line":48,"column":0},"end":{"line":48,"column":75}},"50":{"start":{"line":51,"column":0},"end":{"line":51,"column":52}},"53":{"start":{"line":54,"column":0},"end":{"line":54,"column":50}},"56":{"start":{"line":57,"column":0},"end":{"line":57,"column":58}},"59":{"start":{"line":60,"column":0},"end":{"line":60,"column":60}},"68":{"start":{"line":69,"column":0},"end":{"line":69,"column":77}},"71":{"start":{"line":72,"column":0},"end":{"line":72,"column":71}},"76":{"start":{"line":77,"column":0},"end":{"line":77,"column":78}},"79":{"start":{"line":80,"column":0},"end":{"line":80,"column":78}},"82":{"start":{"line":83,"column":0},"end":{"line":83,"column":72}},"85":{"start":{"line":86,"column":0},"end":{"line":86,"column":45}},"88":{"start":{"line":89,"column":0},"end":{"line":89,"column":41}},"91":{"start":{"line":92,"column":0},"end":{"line":92,"column":59}},"94":{"start":{"line":95,"column":0},"end":{"line":95,"column":43}},"96":{"start":{"line":97,"column":0},"end":{"line":97,"column":42}},"97":{"start":{"line":98,"column":0},"end":{"line":98,"column":38}},"98":{"start":{"line":99,"column":0},"end":{"line":99,"column":40}},"103":{"start":{"line":104,"column":0},"end":{"line":104,"column":66}},"105":{"start":{"line":106,"column":0},"end":{"line":106,"column":73}},"108":{"start":{"line":109,"column":0},"end":{"line":109,"column":48}},"111":{"start":{"line":112,"column":0},"end":{"line":112,"column":51}},"114":{"start":{"line":115,"column":0},"end":{"line":115,"column":73}},"117":{"start":{"line":118,"column":0},"end":{"line":118,"column":72}},"120":{"start":{"line":121,"column":0},"end":{"line":121,"column":45}},"123":{"start":{"line":124,"column":0},"end":{"line":124,"column":45}},"126":{"start":{"line":127,"column":0},"end":{"line":127,"column":68}},"127":{"start":{"line":128,"column":0},"end":{"line":128,"column":29}},"128":{"start":{"line":129,"column":0},"end":{"line":129,"column":21}},"129":{"start":{"line":130,"column":0},"end":{"line":130,"column":22}},"130":{"start":{"line":131,"column":0},"end":{"line":131,"column":33}},"131":{"start":{"line":132,"column":0},"end":{"line":132,"column":30}},"132":{"start":{"line":133,"column":0},"end":{"line":133,"column":24}},"133":{"start":{"line":134,"column":0},"end":{"line":134,"column":29}},"134":{"start":{"line":135,"column":0},"end":{"line":135,"column":28}},"135":{"start":{"line":136,"column":0},"end":{"line":136,"column":25}},"136":{"start":{"line":137,"column":0},"end":{"line":137,"column":27}},"137":{"start":{"line":138,"column":0},"end":{"line":138,"column":25}},"138":{"start":{"line":139,"column":0},"end":{"line":139,"column":30}},"139":{"start":{"line":140,"column":0},"end":{"line":140,"column":1}}},"s":{"1":1,"4":1,"10":1,"16":1,"19":1,"22":1,"25":1,"32":1,"35":1,"38":1,"41":1,"44":1,"47":1,"50":1,"53":1,"56":1,"59":1,"68":1,"71":1,"76":1,"79":1,"82":1,"85":1,"88":1,"91":1,"94":1,"96":1,"97":1,"98":1,"103":1,"105":1,"108":1,"111":1,"114":1,"117":1,"120":1,"123":1,"126":1,"127":1,"128":1,"129":1,"130":1,"131":1,"132":1,"133":1,"134":1,"135":1,"136":1,"137":1,"138":1,"139":1},"branchMap":{},"b":{},"fnMap":{},"f":{}}
,"/Volumes/ORICO/ws/prj/luban-ws/change-dark/packages/shared/src/css.ts": {"path":"/Volumes/ORICO/ws/prj/luban-ws/change-dark/packages/shared/src/css.ts","all":false,"statementMap":{"0":{"start":{"line":1,"column":0},"end":{"line":1,"column":8}},"18":{"start":{"line":19,"column":0},"end":{"line":19,"column":29}},"19":{"start":{"line":20,"column":0},"end":{"line":20,"column":17}},"20":{"start":{"line":21,"column":0},"end":{"line":21,"column":17}},"21":{"start":{"line":22,"column":0},"end":{"line":22,"column":37}},"22":{"start":{"line":23,"column":0},"end":{"line":23,"column":11}},"23":{"start":{"line":24,"column":0},"end":{"line":24,"column":71}},"24":{"start":{"line":25,"column":0},"end":{"line":25,"column":21}},"25":{"start":{"line":26,"column":0},"end":{"line":26,"column":37}},"26":{"start":{"line":27,"column":0},"end":{"line":27,"column":58}},"27":{"start":{"line":28,"column":0},"end":{"line":28,"column":10}},"29":{"start":{"line":30,"column":0},"end":{"line":30,"column":10}},"31":{"start":{"line":32,"column":0},"end":{"line":32,"column":36}},"32":{"start":{"line":33,"column":0},"end":{"line":33,"column":36}},"33":{"start":{"line":34,"column":0},"end":{"line":34,"column":83}},"34":{"start":{"line":35,"column":0},"end":{"line":35,"column":101}},"37":{"start":{"line":38,"column":0},"end":{"line":38,"column":24}},"38":{"start":{"line":39,"column":0},"end":{"line":39,"column":45}},"39":{"start":{"line":40,"column":0},"end":{"line":40,"column":34}},"40":{"start":{"line":41,"column":0},"end":{"line":41,"column":20}},"44":{"start":{"line":45,"column":0},"end":{"line":45,"column":43}},"48":{"start":{"line":49,"column":0},"end":{"line":49,"column":49}},"51":{"start":{"line":52,"column":0},"end":{"line":52,"column":49}},"56":{"start":{"line":57,"column":0},"end":{"line":57,"column":29}},"57":{"start":{"line":58,"column":0},"end":{"line":58,"column":45}},"58":{"start":{"line":59,"column":0},"end":{"line":59,"column":34}},"61":{"start":{"line":62,"column":0},"end":{"line":62,"column":1}},"66":{"start":{"line":67,"column":0},"end":{"line":67,"column":51}},"67":{"start":{"line":68,"column":0},"end":{"line":68,"column":34}},"68":{"start":{"line":69,"column":0},"end":{"line":69,"column":10}},"69":{"start":{"line":70,"column":0},"end":{"line":70,"column":12}},"75":{"start":{"line":76,"column":0},"end":{"line":76,"column":31}},"79":{"start":{"line":80,"column":0},"end":{"line":80,"column":37}},"82":{"start":{"line":83,"column":0},"end":{"line":83,"column":37}},"88":{"start":{"line":89,"column":0},"end":{"line":89,"column":1}},"95":{"start":{"line":96,"column":0},"end":{"line":96,"column":82}},"96":{"start":{"line":97,"column":0},"end":{"line":97,"column":71}},"97":{"start":{"line":98,"column":0},"end":{"line":98,"column":19}},"98":{"start":{"line":99,"column":0},"end":{"line":99,"column":76}},"99":{"start":{"line":100,"column":0},"end":{"line":100,"column":61}},"101":{"start":{"line":102,"column":0},"end":{"line":102,"column":10}},"105":{"start":{"line":106,"column":0},"end":{"line":106,"column":24}},"106":{"start":{"line":107,"column":0},"end":{"line":107,"column":39}},"108":{"start":{"line":109,"column":0},"end":{"line":109,"column":32}},"109":{"start":{"line":110,"column":0},"end":{"line":110,"column":27}},"110":{"start":{"line":111,"column":0},"end":{"line":111,"column":31}},"111":{"start":{"line":112,"column":0},"end":{"line":112,"column":27}},"112":{"start":{"line":113,"column":0},"end":{"line":113,"column":29}},"113":{"start":{"line":114,"column":0},"end":{"line":114,"column":31}},"114":{"start":{"line":115,"column":0},"end":{"line":115,"column":52}},"117":{"start":{"line":118,"column":0},"end":{"line":118,"column":1}},"122":{"start":{"line":123,"column":0},"end":{"line":123,"column":37}},"123":{"start":{"line":124,"column":0},"end":{"line":124,"column":153}},"130":{"start":{"line":131,"column":0},"end":{"line":131,"column":44}},"131":{"start":{"line":132,"column":0},"end":{"line":132,"column":86}},"138":{"start":{"line":139,"column":0},"end":{"line":139,"column":35}},"139":{"start":{"line":140,"column":0},"end":{"line":140,"column":17}},"140":{"start":{"line":141,"column":0},"end":{"line":141,"column":17}},"141":{"start":{"line":142,"column":0},"end":{"line":142,"column":37}},"142":{"start":{"line":143,"column":0},"end":{"line":143,"column":11}},"143":{"start":{"line":144,"column":0},"end":{"line":144,"column":57}},"144":{"start":{"line":145,"column":0},"end":{"line":145,"column":17}},"145":{"start":{"line":146,"column":0},"end":{"line":146,"column":50}},"146":{"start":{"line":147,"column":0},"end":{"line":147,"column":48}},"148":{"start":{"line":149,"column":0},"end":{"line":149,"column":57}},"149":{"start":{"line":150,"column":0},"end":{"line":150,"column":59}},"152":{"start":{"line":153,"column":0},"end":{"line":153,"column":1}},"155":{"start":{"line":156,"column":0},"end":{"line":156,"column":59}},"156":{"start":{"line":157,"column":0},"end":{"line":157,"column":38}},"157":{"start":{"line":158,"column":0},"end":{"line":158,"column":79}},"158":{"start":{"line":159,"column":0},"end":{"line":159,"column":12}},"159":{"start":{"line":160,"column":0},"end":{"line":160,"column":40}},"160":{"start":{"line":161,"column":0},"end":{"line":161,"column":28}},"162":{"start":{"line":163,"column":0},"end":{"line":163,"column":43}},"163":{"start":{"line":164,"column":0},"end":{"line":164,"column":3}},"164":{"start":{"line":165,"column":0},"end":{"line":165,"column":26}},"165":{"start":{"line":166,"column":0},"end":{"line":166,"column":1}},"170":{"start":{"line":171,"column":0},"end":{"line":171,"column":69}},"171":{"start":{"line":172,"column":0},"end":{"line":172,"column":32}},"172":{"start":{"line":173,"column":0},"end":{"line":173,"column":17}},"173":{"start":{"line":174,"column":0},"end":{"line":174,"column":66}},"174":{"start":{"line":175,"column":0},"end":{"line":175,"column":10}},"175":{"start":{"line":176,"column":0},"end":{"line":176,"column":3}},"176":{"start":{"line":177,"column":0},"end":{"line":177,"column":38}},"177":{"start":{"line":178,"column":0},"end":{"line":178,"column":90}},"178":{"start":{"line":179,"column":0},"end":{"line":179,"column":12}},"179":{"start":{"line":180,"column":0},"end":{"line":180,"column":40}},"180":{"start":{"line":181,"column":0},"end":{"line":181,"column":39}},"181":{"start":{"line":182,"column":0},"end":{"line":182,"column":43}},"182":{"start":{"line":183,"column":0},"end":{"line":183,"column":3}},"183":{"start":{"line":184,"column":0},"end":{"line":184,"column":26}},"184":{"start":{"line":185,"column":0},"end":{"line":185,"column":1}},"189":{"start":{"line":190,"column":0},"end":{"line":190,"column":68}},"190":{"start":{"line":191,"column":0},"end":{"line":191,"column":55}},"191":{"start":{"line":192,"column":0},"end":{"line":192,"column":17}},"192":{"start":{"line":193,"column":0},"end":{"line":193,"column":66}},"193":{"start":{"line":194,"column":0},"end":{"line":194,"column":10}},"194":{"start":{"line":195,"column":0},"end":{"line":195,"column":3}},"195":{"start":{"line":196,"column":0},"end":{"line":196,"column":38}},"196":{"start":{"line":197,"column":0},"end":{"line":197,"column":90}},"197":{"start":{"line":198,"column":0},"end":{"line":198,"column":12}},"198":{"start":{"line":199,"column":0},"end":{"line":199,"column":40}},"199":{"start":{"line":200,"column":0},"end":{"line":200,"column":39}},"200":{"start":{"line":201,"column":0},"end":{"line":201,"column":43}},"201":{"start":{"line":202,"column":0},"end":{"line":202,"column":3}},"202":{"start":{"line":203,"column":0},"end":{"line":203,"column":26}},"203":{"start":{"line":204,"column":0},"end":{"line":204,"column":1}}},"s":{"0":1,"18":1,"19":4,"20":4,"21":4,"22":4,"23":4,"24":4,"25":4,"26":1,"27":3,"29":4,"31":4,"32":4,"33":4,"34":4,"37":4,"38":4,"39":4,"40":4,"44":4,"48":4,"51":4,"56":4,"57":4,"58":4,"61":4,"66":1,"67":4,"68":4,"69":4,"75":4,"79":4,"82":4,"88":4,"95":1,"96":2,"97":2,"98":2,"99":2,"101":2,"105":2,"106":2,"108":2,"109":2,"110":2,"111":2,"112":2,"113":2,"114":2,"117":2,"122":1,"123":1,"130":1,"131":1,"138":1,"139":2,"140":2,"141":2,"142":2,"143":2,"144":2,"145":2,"146":2,"148":2,"149":2,"152":2,"155":1,"156":0,"157":0,"158":0,"159":0,"160":0,"162":0,"163":0,"164":0,"165":0,"170":1,"171":0,"172":0,"173":0,"174":0,"175":0,"176":0,"177":0,"178":0,"179":0,"180":0,"181":0,"182":0,"183":0,"184":0,"189":1,"190":0,"191":0,"192":0,"193":0,"194":0,"195":0,"196":0,"197":0,"198":0,"199":0,"200":0,"201":0,"202":0,"203":0},"branchMap":{"0":{"type":"branch","line":19,"loc":{"start":{"line":19,"column":7},"end":{"line":62,"column":1}},"locations":[{"start":{"line":19,"column":7},"end":{"line":62,"column":1}}]},"1":{"type":"branch","line":24,"loc":{"start":{"line":24,"column":13},"end":{"line":24,"column":62}},"locations":[{"start":{"line":24,"column":13},"end":{"line":24,"column":62}}]},"2":{"type":"branch","line":24,"loc":{"start":{"line":24,"column":58},"end":{"line":24,"column":71}},"locations":[{"start":{"line":24,"column":58},"end":{"line":24,"column":71}}]},"3":{"type":"branch","line":26,"loc":{"start":{"line":26,"column":4},"end":{"line":26,"column":37}},"locations":[{"start":{"line":26,"column":4},"end":{"line":26,"column":37}}]},"4":{"type":"branch","line":26,"loc":{"start":{"line":26,"column":36},"end":{"line":27,"column":58}},"locations":[{"start":{"line":26,"column":36},"end":{"line":27,"column":58}}]},"5":{"type":"branch","line":27,"loc":{"start":{"line":27,"column":44},"end":{"line":28,"column":10}},"locations":[{"start":{"line":27,"column":44},"end":{"line":28,"column":10}}]},"6":{"type":"branch","line":67,"loc":{"start":{"line":67,"column":7},"end":{"line":89,"column":1}},"locations":[{"start":{"line":67,"column":7},"end":{"line":89,"column":1}}]},"7":{"type":"branch","line":96,"loc":{"start":{"line":96,"column":7},"end":{"line":118,"column":1}},"locations":[{"start":{"line":96,"column":7},"end":{"line":118,"column":1}}]},"8":{"type":"branch","line":97,"loc":{"start":{"line":97,"column":13},"end":{"line":97,"column":62}},"locations":[{"start":{"line":97,"column":13},"end":{"line":97,"column":62}}]},"9":{"type":"branch","line":97,"loc":{"start":{"line":97,"column":58},"end":{"line":97,"column":71}},"locations":[{"start":{"line":97,"column":58},"end":{"line":97,"column":71}}]},"10":{"type":"branch","line":99,"loc":{"start":{"line":99,"column":4},"end":{"line":99,"column":40}},"locations":[{"start":{"line":99,"column":4},"end":{"line":99,"column":40}}]},"11":{"type":"branch","line":99,"loc":{"start":{"line":99,"column":36},"end":{"line":99,"column":74}},"locations":[{"start":{"line":99,"column":36},"end":{"line":99,"column":74}}]},"12":{"type":"branch","line":99,"loc":{"start":{"line":99,"column":69},"end":{"line":99,"column":76}},"locations":[{"start":{"line":99,"column":69},"end":{"line":99,"column":76}}]},"13":{"type":"branch","line":139,"loc":{"start":{"line":139,"column":7},"end":{"line":153,"column":1}},"locations":[{"start":{"line":139,"column":7},"end":{"line":153,"column":1}}]}},"b":{"0":[4],"1":[1],"2":[3],"3":[1],"4":[1],"5":[3],"6":[4],"7":[2],"8":[1],"9":[1],"10":[1],"11":[1],"12":[1],"13":[2]},"fnMap":{"0":{"name":"buildDarkCss","decl":{"start":{"line":19,"column":7},"end":{"line":62,"column":1}},"loc":{"start":{"line":19,"column":7},"end":{"line":62,"column":1}},"line":19},"1":{"name":"buildFilterScrollbarCss","decl":{"start":{"line":67,"column":7},"end":{"line":89,"column":1}},"loc":{"start":{"line":67,"column":7},"end":{"line":89,"column":1}},"line":67},"2":{"name":"buildFilterInvertCss","decl":{"start":{"line":96,"column":7},"end":{"line":118,"column":1}},"loc":{"start":{"line":96,"column":7},"end":{"line":118,"column":1}},"line":96},"3":{"name":"buildStaticDarkCss","decl":{"start":{"line":139,"column":7},"end":{"line":153,"column":1}},"loc":{"start":{"line":139,"column":7},"end":{"line":153,"column":1}},"line":139},"4":{"name":"ensureStyleElement","decl":{"start":{"line":156,"column":7},"end":{"line":166,"column":1}},"loc":{"start":{"line":156,"column":7},"end":{"line":166,"column":1}},"line":156},"5":{"name":"ensureTypographyStyleElement","decl":{"start":{"line":171,"column":7},"end":{"line":185,"column":1}},"loc":{"start":{"line":171,"column":7},"end":{"line":185,"column":1}},"line":171},"6":{"name":"ensureCustomCssStyleElement","decl":{"start":{"line":190,"column":7},"end":{"line":204,"column":1}},"loc":{"start":{"line":190,"column":7},"end":{"line":204,"column":1}},"line":190}},"f":{"0":4,"1":4,"2":2,"3":2,"4":0,"5":0,"6":0}}
,"/Volumes/ORICO/ws/prj/luban-ws/change-dark/packages/shared/src/ensure-migrated.ts": {"path":"/Volumes/ORICO/ws/prj/luban-ws/change-dark/packages/shared/src/ensure-migrated.ts","all":true,"statementMap":{"0":{"start":{"line":1,"column":0},"end":{"line":1,"column":8}},"7":{"start":{"line":8,"column":0},"end":{"line":8,"column":29}},"8":{"start":{"line":9,"column":0},"end":{"line":9,"column":29}},"9":{"start":{"line":10,"column":0},"end":{"line":10,"column":21}},"10":{"start":{"line":11,"column":0},"end":{"line":11,"column":22}},"11":{"start":{"line":12,"column":0},"end":{"line":12,"column":10}},"17":{"start":{"line":18,"column":0},"end":{"line":18,"column":62}},"18":{"start":{"line":19,"column":0},"end":{"line":19,"column":71}},"19":{"start":{"line":20,"column":0},"end":{"line":20,"column":68}},"21":{"start":{"line":22,"column":0},"end":{"line":22,"column":30}},"23":{"start":{"line":24,"column":0},"end":{"line":24,"column":34}},"24":{"start":{"line":25,"column":0},"end":{"line":25,"column":59}},"25":{"start":{"line":26,"column":0},"end":{"line":26,"column":44}},"26":{"start":{"line":27,"column":0},"end":{"line":27,"column":4}},"28":{"start":{"line":29,"column":0},"end":{"line":29,"column":33}},"29":{"start":{"line":30,"column":0},"end":{"line":30,"column":58}},"30":{"start":{"line":31,"column":0},"end":{"line":31,"column":3}},"31":{"start":{"line":32,"column":0},"end":{"line":32,"column":1}}},"s":{"0":0,"7":0,"8":0,"9":0,"10":0,"11":0,"17":0,"18":0,"19":0,"21":0,"23":0,"24":0,"25":0,"26":0,"28":0,"29":0,"30":0,"31":0},"branchMap":{"0":{"type":"branch","line":1,"loc":{"start":{"line":1,"column":0},"end":{"line":32,"column":-122}},"locations":[{"start":{"line":1,"column":0},"end":{"line":32,"column":-122}}]}},"b":{"0":[0]},"fnMap":{"0":{"name":"(empty-report)","decl":{"start":{"line":1,"column":0},"end":{"line":32,"column":-122}},"loc":{"start":{"line":1,"column":0},"end":{"line":32,"column":-122}},"line":1}},"f":{"0":0}}
,"/Volumes/ORICO/ws/prj/luban-ws/change-dark/packages/shared/src/filter-plus-svg.ts": {"path":"/Volumes/ORICO/ws/prj/luban-ws/change-dark/packages/shared/src/filter-plus-svg.ts","all":false,"statementMap":{"0":{"start":{"line":1,"column":0},"end":{"line":1,"column":3}},"18":{"start":{"line":19,"column":0},"end":{"line":19,"column":52}},"21":{"start":{"line":22,"column":0},"end":{"line":22,"column":87}},"27":{"start":{"line":28,"column":0},"end":{"line":28,"column":55}},"28":{"start":{"line":29,"column":0},"end":{"line":29,"column":52}},"29":{"start":{"line":30,"column":0},"end":{"line":30,"column":46}},"30":{"start":{"line":31,"column":0},"end":{"line":31,"column":1}},"35":{"start":{"line":36,"column":0},"end":{"line":36,"column":61}},"36":{"start":{"line":37,"column":0},"end":{"line":37,"column":7}},"37":{"start":{"line":38,"column":0},"end":{"line":38,"column":64}},"38":{"start":{"line":39,"column":0},"end":{"line":39,"column":25}},"39":{"start":{"line":40,"column":0},"end":{"line":40,"column":27}},"41":{"start":{"line":42,"column":0},"end":{"line":42,"column":50}},"42":{"start":{"line":43,"column":0},"end":{"line":43,"column":36}},"43":{"start":{"line":44,"column":0},"end":{"line":44,"column":43}},"44":{"start":{"line":45,"column":0},"end":{"line":45,"column":23}},"45":{"start":{"line":46,"column":0},"end":{"line":46,"column":96}},"47":{"start":{"line":48,"column":0},"end":{"line":48,"column":52}},"48":{"start":{"line":49,"column":0},"end":{"line":49,"column":56}},"49":{"start":{"line":50,"column":0},"end":{"line":50,"column":56}},"50":{"start":{"line":51,"column":0},"end":{"line":51,"column":33}},"51":{"start":{"line":52,"column":0},"end":{"line":52,"column":33}},"52":{"start":{"line":53,"column":0},"end":{"line":53,"column":40}},"53":{"start":{"line":54,"column":0},"end":{"line":54,"column":41}},"54":{"start":{"line":55,"column":0},"end":{"line":55,"column":62}},"56":{"start":{"line":57,"column":0},"end":{"line":57,"column":62}},"57":{"start":{"line":58,"column":0},"end":{"line":58,"column":45}},"58":{"start":{"line":59,"column":0},"end":{"line":59,"column":40}},"59":{"start":{"line":60,"column":0},"end":{"line":60,"column":56}},"60":{"start":{"line":61,"column":0},"end":{"line":61,"column":39}},"62":{"start":{"line":63,"column":0},"end":{"line":63,"column":60}},"63":{"start":{"line":64,"column":0},"end":{"line":64,"column":35}},"64":{"start":{"line":65,"column":0},"end":{"line":65,"column":38}},"66":{"start":{"line":67,"column":0},"end":{"line":67,"column":29}},"67":{"start":{"line":68,"column":0},"end":{"line":68,"column":29}},"68":{"start":{"line":69,"column":0},"end":{"line":69,"column":28}},"69":{"start":{"line":70,"column":0},"end":{"line":70,"column":25}},"70":{"start":{"line":71,"column":0},"end":{"line":71,"column":25}},"71":{"start":{"line":72,"column":0},"end":{"line":72,"column":15}},"72":{"start":{"line":73,"column":0},"end":{"line":73,"column":11}},"73":{"start":{"line":74,"column":0},"end":{"line":74,"column":16}},"74":{"start":{"line":75,"column":0},"end":{"line":75,"column":3}},"75":{"start":{"line":76,"column":0},"end":{"line":76,"column":1}},"78":{"start":{"line":79,"column":0},"end":{"line":79,"column":58}},"79":{"start":{"line":80,"column":0},"end":{"line":80,"column":55}},"80":{"start":{"line":81,"column":0},"end":{"line":81,"column":1}},"85":{"start":{"line":86,"column":0},"end":{"line":86,"column":80}},"86":{"start":{"line":87,"column":0},"end":{"line":87,"column":71}},"87":{"start":{"line":88,"column":0},"end":{"line":88,"column":19}},"88":{"start":{"line":89,"column":0},"end":{"line":89,"column":76}},"89":{"start":{"line":90,"column":0},"end":{"line":90,"column":69}},"91":{"start":{"line":92,"column":0},"end":{"line":92,"column":10}},"95":{"start":{"line":96,"column":0},"end":{"line":96,"column":24}},"96":{"start":{"line":97,"column":0},"end":{"line":97,"column":39}},"98":{"start":{"line":99,"column":0},"end":{"line":99,"column":32}},"99":{"start":{"line":100,"column":0},"end":{"line":100,"column":27}},"100":{"start":{"line":101,"column":0},"end":{"line":101,"column":31}},"101":{"start":{"line":102,"column":0},"end":{"line":102,"column":60}},"102":{"start":{"line":103,"column":0},"end":{"line":103,"column":29}},"103":{"start":{"line":104,"column":0},"end":{"line":104,"column":31}},"104":{"start":{"line":105,"column":0},"end":{"line":105,"column":60}},"107":{"start":{"line":108,"column":0},"end":{"line":108,"column":1}}},"s":{"0":1,"18":1,"21":1,"27":1,"28":2,"29":2,"30":2,"35":1,"36":0,"37":0,"38":0,"39":0,"41":0,"42":0,"43":0,"44":0,"45":0,"47":0,"48":0,"49":0,"50":0,"51":0,"52":0,"53":0,"54":0,"56":0,"57":0,"58":0,"59":0,"60":0,"62":0,"63":0,"64":0,"66":0,"67":0,"68":0,"69":0,"70":0,"71":0,"72":0,"73":0,"74":0,"75":0,"78":1,"79":0,"80":0,"85":1,"86":2,"87":2,"88":2,"89":2,"91":2,"95":2,"96":2,"98":2,"99":2,"100":2,"101":2,"102":2,"103":2,"104":2,"107":2},"branchMap":{"0":{"type":"branch","line":28,"loc":{"start":{"line":28,"column":7},"end":{"line":31,"column":1}},"locations":[{"start":{"line":28,"column":7},"end":{"line":31,"column":1}}]},"1":{"type":"branch","line":29,"loc":{"start":{"line":29,"column":40},"end":{"line":29,"column":52}},"locations":[{"start":{"line":29,"column":40},"end":{"line":29,"column":52}}]},"2":{"type":"branch","line":86,"loc":{"start":{"line":86,"column":7},"end":{"line":108,"column":1}},"locations":[{"start":{"line":86,"column":7},"end":{"line":108,"column":1}}]},"3":{"type":"branch","line":87,"loc":{"start":{"line":87,"column":13},"end":{"line":87,"column":62}},"locations":[{"start":{"line":87,"column":13},"end":{"line":87,"column":62}}]},"4":{"type":"branch","line":87,"loc":{"start":{"line":87,"column":58},"end":{"line":87,"column":71}},"locations":[{"start":{"line":87,"column":58},"end":{"line":87,"column":71}}]},"5":{"type":"branch","line":89,"loc":{"start":{"line":89,"column":4},"end":{"line":89,"column":40}},"locations":[{"start":{"line":89,"column":4},"end":{"line":89,"column":40}}]},"6":{"type":"branch","line":89,"loc":{"start":{"line":89,"column":36},"end":{"line":89,"column":74}},"locations":[{"start":{"line":89,"column":36},"end":{"line":89,"column":74}}]},"7":{"type":"branch","line":89,"loc":{"start":{"line":89,"column":69},"end":{"line":89,"column":76}},"locations":[{"start":{"line":89,"column":69},"end":{"line":89,"column":76}}]}},"b":{"0":[2],"1":[0],"2":[2],"3":[1],"4":[1],"5":[1],"6":[1],"7":[1]},"fnMap":{"0":{"name":"shouldExposeFilterPlusMode","decl":{"start":{"line":28,"column":7},"end":{"line":31,"column":1}},"loc":{"start":{"line":28,"column":7},"end":{"line":31,"column":1}},"line":28},"1":{"name":"ensureFilterPlusSvg","decl":{"start":{"line":36,"column":7},"end":{"line":76,"column":1}},"loc":{"start":{"line":36,"column":7},"end":{"line":76,"column":1}},"line":36},"2":{"name":"removeFilterPlusSvg","decl":{"start":{"line":79,"column":7},"end":{"line":81,"column":1}},"loc":{"start":{"line":79,"column":7},"end":{"line":81,"column":1}},"line":79},"3":{"name":"buildFilterPlusCss","decl":{"start":{"line":86,"column":7},"end":{"line":108,"column":1}},"loc":{"start":{"line":86,"column":7},"end":{"line":108,"column":1}},"line":86}},"f":{"0":2,"1":0,"2":0,"3":2}}
,"/Volumes/ORICO/ws/prj/luban-ws/change-dark/packages/shared/src/global-policy-toggle.ts": {"path":"/Volumes/ORICO/ws/prj/luban-ws/change-dark/packages/shared/src/global-policy-toggle.ts","all":false,"statementMap":{"0":{"start":{"line":1,"column":0},"end":{"line":1,"column":70}},"6":{"start":{"line":7,"column":0},"end":{"line":7,"column":84}},"7":{"start":{"line":8,"column":0},"end":{"line":8,"column":46}},"8":{"start":{"line":9,"column":0},"end":{"line":9,"column":19}},"9":{"start":{"line":10,"column":0},"end":{"line":10,"column":1}}},"s":{"0":1,"6":1,"7":3,"8":2,"9":2},"branchMap":{"0":{"type":"branch","line":7,"loc":{"start":{"line":7,"column":7},"end":{"line":10,"column":1}},"locations":[{"start":{"line":7,"column":7},"end":{"line":10,"column":1}}]},"1":{"type":"branch","line":8,"loc":{"start":{"line":8,"column":30},"end":{"line":8,"column":46}},"locations":[{"start":{"line":8,"column":30},"end":{"line":8,"column":46}}]},"2":{"type":"branch","line":8,"loc":{"start":{"line":8,"column":37},"end":{"line":10,"column":1}},"locations":[{"start":{"line":8,"column":37},"end":{"line":10,"column":1}}]}},"b":{"0":[3],"1":[1],"2":[2]},"fnMap":{"0":{"name":"policyAfterGlobalHotkeyToggle","decl":{"start":{"line":7,"column":7},"end":{"line":10,"column":1}},"loc":{"start":{"line":7,"column":7},"end":{"line":10,"column":1}},"line":7}},"f":{"0":3}}
,"/Volumes/ORICO/ws/prj/luban-ws/change-dark/packages/shared/src/index.ts": {"path":"/Volumes/ORICO/ws/prj/luban-ws/change-dark/packages/shared/src/index.ts","all":true,"statementMap":{"0":{"start":{"line":1,"column":0},"end":{"line":1,"column":29}},"1":{"start":{"line":2,"column":0},"end":{"line":2,"column":27}},"2":{"start":{"line":3,"column":0},"end":{"line":3,"column":21}},"3":{"start":{"line":4,"column":0},"end":{"line":4,"column":33}},"4":{"start":{"line":5,"column":0},"end":{"line":5,"column":33}},"5":{"start":{"line":6,"column":0},"end":{"line":6,"column":38}},"6":{"start":{"line":7,"column":0},"end":{"line":7,"column":27}},"7":{"start":{"line":8,"column":0},"end":{"line":8,"column":30}},"8":{"start":{"line":9,"column":0},"end":{"line":9,"column":33}},"9":{"start":{"line":10,"column":0},"end":{"line":10,"column":33}},"10":{"start":{"line":11,"column":0},"end":{"line":11,"column":27}},"11":{"start":{"line":12,"column":0},"end":{"line":12,"column":32}},"12":{"start":{"line":13,"column":0},"end":{"line":13,"column":25}},"13":{"start":{"line":14,"column":0},"end":{"line":14,"column":31}},"14":{"start":{"line":15,"column":0},"end":{"line":15,"column":28}},"15":{"start":{"line":16,"column":0},"end":{"line":16,"column":28}}},"s":{"0":0,"1":0,"2":0,"3":0,"4":0,"5":0,"6":0,"7":0,"8":0,"9":0,"10":0,"11":0,"12":0,"13":0,"14":0,"15":0},"branchMap":{"0":{"type":"branch","line":1,"loc":{"start":{"line":1,"column":490},"end":{"line":16,"column":28}},"locations":[{"start":{"line":1,"column":490},"end":{"line":16,"column":28}}]}},"b":{"0":[0]},"fnMap":{"0":{"name":"(empty-report)","decl":{"start":{"line":1,"column":490},"end":{"line":16,"column":28}},"loc":{"start":{"line":1,"column":490},"end":{"line":16,"column":28}},"line":1}},"f":{"0":0}}
,"/Volumes/ORICO/ws/prj/luban-ws/change-dark/packages/shared/src/migration.ts": {"path":"/Volumes/ORICO/ws/prj/luban-ws/change-dark/packages/shared/src/migration.ts","all":false,"statementMap":{"0":{"start":{"line":1,"column":0},"end":{"line":1,"column":8}},"11":{"start":{"line":12,"column":0},"end":{"line":12,"column":56}},"13":{"start":{"line":14,"column":0},"end":{"line":14,"column":83}},"18":{"start":{"line":19,"column":0},"end":{"line":19,"column":72}},"19":{"start":{"line":20,"column":0},"end":{"line":20,"column":87}},"20":{"start":{"line":21,"column":0},"end":{"line":21,"column":1}},"26":{"start":{"line":27,"column":0},"end":{"line":27,"column":92}},"27":{"start":{"line":28,"column":0},"end":{"line":28,"column":68}},"28":{"start":{"line":29,"column":0},"end":{"line":29,"column":35}},"29":{"start":{"line":30,"column":0},"end":{"line":30,"column":46}},"30":{"start":{"line":31,"column":0},"end":{"line":31,"column":73}},"31":{"start":{"line":32,"column":0},"end":{"line":32,"column":18}},"32":{"start":{"line":33,"column":0},"end":{"line":33,"column":1}},"38":{"start":{"line":39,"column":0},"end":{"line":39,"column":75}},"39":{"start":{"line":40,"column":0},"end":{"line":40,"column":41}},"40":{"start":{"line":41,"column":0},"end":{"line":41,"column":13}},"41":{"start":{"line":42,"column":0},"end":{"line":42,"column":1}},"46":{"start":{"line":47,"column":0},"end":{"line":47,"column":77}},"47":{"start":{"line":48,"column":0},"end":{"line":48,"column":43}},"48":{"start":{"line":49,"column":0},"end":{"line":49,"column":1}},"64":{"start":{"line":65,"column":0},"end":{"line":65,"column":95}},"65":{"start":{"line":66,"column":0},"end":{"line":66,"column":58}},"66":{"start":{"line":67,"column":0},"end":{"line":67,"column":60}},"67":{"start":{"line":68,"column":0},"end":{"line":68,"column":70}},"68":{"start":{"line":69,"column":0},"end":{"line":69,"column":56}},"69":{"start":{"line":70,"column":0},"end":{"line":70,"column":98}},"70":{"start":{"line":71,"column":0},"end":{"line":71,"column":77}},"72":{"start":{"line":73,"column":0},"end":{"line":73,"column":54}},"73":{"start":{"line":74,"column":0},"end":{"line":74,"column":48}},"74":{"start":{"line":75,"column":0},"end":{"line":75,"column":63}},"76":{"start":{"line":77,"column":0},"end":{"line":77,"column":10}},"77":{"start":{"line":78,"column":0},"end":{"line":78,"column":17}},"78":{"start":{"line":79,"column":0},"end":{"line":79,"column":24}},"79":{"start":{"line":80,"column":0},"end":{"line":80,"column":15}},"80":{"start":{"line":81,"column":0},"end":{"line":81,"column":42}},"81":{"start":{"line":82,"column":0},"end":{"line":82,"column":3}},"82":{"start":{"line":83,"column":0},"end":{"line":83,"column":1}}},"s":{"0":1,"11":1,"13":1,"18":1,"19":25,"20":25,"26":1,"27":14,"28":14,"29":8,"30":11,"31":2,"32":2,"38":1,"39":9,"40":5,"41":5,"46":1,"47":0,"48":0,"64":1,"65":5,"66":5,"67":5,"68":5,"69":5,"70":5,"72":5,"73":5,"74":5,"76":5,"77":5,"78":5,"79":5,"80":5,"81":5,"82":5},"branchMap":{"0":{"type":"branch","line":19,"loc":{"start":{"line":19,"column":7},"end":{"line":21,"column":1}},"locations":[{"start":{"line":19,"column":7},"end":{"line":21,"column":1}}]},"1":{"type":"branch","line":20,"loc":{"start":{"line":20,"column":53},"end":{"line":20,"column":83}},"locations":[{"start":{"line":20,"column":53},"end":{"line":20,"column":83}}]},"2":{"type":"branch","line":20,"loc":{"start":{"line":20,"column":58},"end":{"line":20,"column":87}},"locations":[{"start":{"line":20,"column":58},"end":{"line":20,"column":87}}]},"3":{"type":"branch","line":27,"loc":{"start":{"line":27,"column":7},"end":{"line":33,"column":1}},"locations":[{"start":{"line":27,"column":7},"end":{"line":33,"column":1}}]},"4":{"type":"branch","line":29,"loc":{"start":{"line":29,"column":18},"end":{"line":29,"column":35}},"locations":[{"start":{"line":29,"column":18},"end":{"line":29,"column":35}}]},"5":{"type":"branch","line":29,"loc":{"start":{"line":29,"column":25},"end":{"line":31,"column":73}},"locations":[{"start":{"line":29,"column":25},"end":{"line":31,"column":73}}]},"6":{"type":"branch","line":29,"loc":{"start":{"line":29,"column":25},"end":{"line":31,"column":42}},"locations":[{"start":{"line":29,"column":25},"end":{"line":31,"column":42}}]},"7":{"type":"branch","line":31,"loc":{"start":{"line":31,"column":35},"end":{"line":31,"column":73}},"locations":[{"start":{"line":31,"column":35},"end":{"line":31,"column":73}}]},"8":{"type":"branch","line":31,"loc":{"start":{"line":31,"column":42},"end":{"line":31,"column":63}},"locations":[{"start":{"line":31,"column":42},"end":{"line":31,"column":63}}]},"9":{"type":"branch","line":31,"loc":{"start":{"line":31,"column":51},"end":{"line":31,"column":73}},"locations":[{"start":{"line":31,"column":51},"end":{"line":31,"column":73}}]},"10":{"type":"branch","line":31,"loc":{"start":{"line":31,"column":63},"end":{"line":33,"column":1}},"locations":[{"start":{"line":31,"column":63},"end":{"line":33,"column":1}}]},"11":{"type":"branch","line":39,"loc":{"start":{"line":39,"column":7},"end":{"line":42,"column":1}},"locations":[{"start":{"line":39,"column":7},"end":{"line":42,"column":1}}]},"12":{"type":"branch","line":40,"loc":{"start":{"line":40,"column":29},"end":{"line":42,"column":1}},"locations":[{"start":{"line":40,"column":29},"end":{"line":42,"column":1}}]},"13":{"type":"branch","line":40,"loc":{"start":{"line":40,"column":29},"end":{"line":40,"column":41}},"locations":[{"start":{"line":40,"column":29},"end":{"line":40,"column":41}}]},"14":{"type":"branch","line":40,"loc":{"start":{"line":40,"column":36},"end":{"line":42,"column":1}},"locations":[{"start":{"line":40,"column":36},"end":{"line":42,"column":1}}]},"15":{"type":"branch","line":65,"loc":{"start":{"line":65,"column":7},"end":{"line":83,"column":1}},"locations":[{"start":{"line":65,"column":7},"end":{"line":83,"column":1}}]},"16":{"type":"branch","line":70,"loc":{"start":{"line":70,"column":44},"end":{"line":70,"column":85}},"locations":[{"start":{"line":70,"column":44},"end":{"line":70,"column":85}}]},"17":{"type":"branch","line":70,"loc":{"start":{"line":70,"column":81},"end":{"line":70,"column":97}},"locations":[{"start":{"line":70,"column":81},"end":{"line":70,"column":97}}]},"18":{"type":"branch","line":70,"loc":{"start":{"line":70,"column":85},"end":{"line":70,"column":98}},"locations":[{"start":{"line":70,"column":85},"end":{"line":70,"column":98}}]},"19":{"type":"branch","line":75,"loc":{"start":{"line":75,"column":22},"end":{"line":75,"column":47}},"locations":[{"start":{"line":75,"column":22},"end":{"line":75,"column":47}}]},"20":{"type":"branch","line":75,"loc":{"start":{"line":75,"column":35},"end":{"line":75,"column":63}},"locations":[{"start":{"line":75,"column":35},"end":{"line":75,"column":63}}]}},"b":{"0":[25],"1":[11],"2":[14],"3":[14],"4":[6],"5":[11],"6":[8],"7":[6],"8":[2],"9":[4],"10":[2],"11":[9],"12":[6],"13":[4],"14":[5],"15":[5],"16":[2],"17":[2],"18":[3],"19":[2],"20":[2]},"fnMap":{"0":{"name":"parseGlobalPolicy","decl":{"start":{"line":19,"column":7},"end":{"line":21,"column":1}},"loc":{"start":{"line":19,"column":7},"end":{"line":21,"column":1}},"line":19},"1":{"name":"resolvePolicyFromSnapshot","decl":{"start":{"line":27,"column":7},"end":{"line":33,"column":1}},"loc":{"start":{"line":27,"column":7},"end":{"line":33,"column":1}},"line":27},"2":{"name":"resolveApplyDarkFromPolicy","decl":{"start":{"line":39,"column":7},"end":{"line":42,"column":1}},"loc":{"start":{"line":39,"column":7},"end":{"line":42,"column":1}},"line":39},"3":{"name":"shouldInjectForcedDarkStyles","decl":{"start":{"line":47,"column":7},"end":{"line":49,"column":1}},"loc":{"start":{"line":47,"column":7},"end":{"line":49,"column":1}},"line":47},"4":{"name":"planStorageMigration","decl":{"start":{"line":65,"column":7},"end":{"line":83,"column":1}},"loc":{"start":{"line":65,"column":7},"end":{"line":83,"column":1}},"line":65}},"f":{"0":25,"1":14,"2":9,"3":0,"4":5}}
,"/Volumes/ORICO/ws/prj/luban-ws/change-dark/packages/shared/src/page-palette.ts": {"path":"/Volumes/ORICO/ws/prj/luban-ws/change-dark/packages/shared/src/page-palette.ts","all":false,"statementMap":{"5":{"start":{"line":6,"column":0},"end":{"line":6,"column":48}},"8":{"start":{"line":9,"column":0},"end":{"line":9,"column":68}},"12":{"start":{"line":13,"column":0},"end":{"line":13,"column":53}},"15":{"start":{"line":16,"column":0},"end":{"line":16,"column":62}},"18":{"start":{"line":19,"column":0},"end":{"line":19,"column":66}},"20":{"start":{"line":21,"column":0},"end":{"line":21,"column":61}},"21":{"start":{"line":22,"column":0},"end":{"line":22,"column":77}},"22":{"start":{"line":23,"column":0},"end":{"line":23,"column":29}},"23":{"start":{"line":24,"column":0},"end":{"line":24,"column":1}},"25":{"start":{"line":26,"column":0},"end":{"line":26,"column":81}},"26":{"start":{"line":27,"column":0},"end":{"line":27,"column":41}},"27":{"start":{"line":28,"column":0},"end":{"line":28,"column":77}},"28":{"start":{"line":29,"column":0},"end":{"line":29,"column":57}},"29":{"start":{"line":30,"column":0},"end":{"line":30,"column":18}},"30":{"start":{"line":31,"column":0},"end":{"line":31,"column":1}}},"s":{"5":1,"8":1,"12":1,"15":1,"18":1,"20":1,"21":3,"22":2,"23":2,"25":1,"26":5,"27":5,"28":4,"29":1,"30":1},"branchMap":{"0":{"type":"branch","line":21,"loc":{"start":{"line":21,"column":7},"end":{"line":24,"column":1}},"locations":[{"start":{"line":21,"column":7},"end":{"line":24,"column":1}}]},"1":{"type":"branch","line":22,"loc":{"start":{"line":22,"column":43},"end":{"line":22,"column":77}},"locations":[{"start":{"line":22,"column":43},"end":{"line":22,"column":77}}]},"2":{"type":"branch","line":22,"loc":{"start":{"line":22,"column":50},"end":{"line":24,"column":1}},"locations":[{"start":{"line":22,"column":50},"end":{"line":24,"column":1}}]},"3":{"type":"branch","line":26,"loc":{"start":{"line":26,"column":7},"end":{"line":31,"column":1}},"locations":[{"start":{"line":26,"column":7},"end":{"line":31,"column":1}}]},"4":{"type":"branch","line":27,"loc":{"start":{"line":27,"column":25},"end":{"line":27,"column":41}},"locations":[{"start":{"line":27,"column":25},"end":{"line":27,"column":41}}]},"5":{"type":"branch","line":27,"loc":{"start":{"line":27,"column":32},"end":{"line":28,"column":50}},"locations":[{"start":{"line":27,"column":32},"end":{"line":28,"column":50}}]},"6":{"type":"branch","line":28,"loc":{"start":{"line":28,"column":43},"end":{"line":28,"column":77}},"locations":[{"start":{"line":28,"column":43},"end":{"line":28,"column":77}}]},"7":{"type":"branch","line":28,"loc":{"start":{"line":28,"column":50},"end":{"line":31,"column":1}},"locations":[{"start":{"line":28,"column":50},"end":{"line":31,"column":1}}]},"8":{"type":"branch","line":28,"loc":{"start":{"line":28,"column":50},"end":{"line":29,"column":40}},"locations":[{"start":{"line":28,"column":50},"end":{"line":29,"column":40}}]},"9":{"type":"branch","line":29,"loc":{"start":{"line":29,"column":33},"end":{"line":31,"column":1}},"locations":[{"start":{"line":29,"column":33},"end":{"line":31,"column":1}}]}},"b":{"0":[3],"1":[1],"2":[2],"3":[5],"4":[1],"5":[4],"6":[2],"7":[4],"8":[2],"9":[1]},"fnMap":{"0":{"name":"parsePagePalette","decl":{"start":{"line":21,"column":7},"end":{"line":24,"column":1}},"loc":{"start":{"line":21,"column":7},"end":{"line":24,"column":1}},"line":21},"1":{"name":"parseOptionalPagePalette","decl":{"start":{"line":26,"column":7},"end":{"line":31,"column":1}},"loc":{"start":{"line":26,"column":7},"end":{"line":31,"column":1}},"line":26}},"f":{"0":3,"1":5}}
,"/Volumes/ORICO/ws/prj/luban-ws/change-dark/packages/shared/src/sampling-budget.ts": {"path":"/Volumes/ORICO/ws/prj/luban-ws/change-dark/packages/shared/src/sampling-budget.ts","all":false,"statementMap":{"0":{"start":{"line":1,"column":0},"end":{"line":1,"column":8}},"16":{"start":{"line":17,"column":0},"end":{"line":17,"column":96}},"17":{"start":{"line":18,"column":0},"end":{"line":18,"column":67}},"18":{"start":{"line":19,"column":0},"end":{"line":19,"column":42}},"19":{"start":{"line":20,"column":0},"end":{"line":20,"column":52}},"20":{"start":{"line":21,"column":0},"end":{"line":21,"column":1}},"25":{"start":{"line":26,"column":0},"end":{"line":26,"column":102}},"26":{"start":{"line":27,"column":0},"end":{"line":27,"column":10}},"27":{"start":{"line":28,"column":0},"end":{"line":28,"column":23}},"28":{"start":{"line":29,"column":0},"end":{"line":29,"column":47}},"29":{"start":{"line":30,"column":0},"end":{"line":30,"column":33}},"30":{"start":{"line":31,"column":0},"end":{"line":31,"column":8}},"31":{"start":{"line":32,"column":0},"end":{"line":32,"column":13}},"32":{"start":{"line":33,"column":0},"end":{"line":33,"column":6}},"33":{"start":{"line":34,"column":0},"end":{"line":34,"column":95}},"34":{"start":{"line":35,"column":0},"end":{"line":35,"column":3}},"35":{"start":{"line":36,"column":0},"end":{"line":36,"column":1}},"40":{"start":{"line":41,"column":0},"end":{"line":41,"column":73}},"41":{"start":{"line":42,"column":0},"end":{"line":42,"column":22}},"42":{"start":{"line":43,"column":0},"end":{"line":43,"column":1}},"44":{"start":{"line":45,"column":0},"end":{"line":45,"column":76}},"45":{"start":{"line":46,"column":0},"end":{"line":46,"column":28}},"46":{"start":{"line":47,"column":0},"end":{"line":47,"column":1}}},"s":{"0":1,"16":1,"17":9,"18":9,"19":5,"20":5,"25":1,"26":2,"27":2,"28":2,"29":2,"30":2,"31":2,"32":2,"33":2,"34":2,"35":2,"40":1,"41":1,"42":1,"44":1,"45":2,"46":2},"branchMap":{"0":{"type":"branch","line":17,"loc":{"start":{"line":17,"column":7},"end":{"line":21,"column":1}},"locations":[{"start":{"line":17,"column":7},"end":{"line":21,"column":1}}]},"1":{"type":"branch","line":18,"loc":{"start":{"line":18,"column":31},"end":{"line":18,"column":52}},"locations":[{"start":{"line":18,"column":31},"end":{"line":18,"column":52}}]},"2":{"type":"branch","line":18,"loc":{"start":{"line":18,"column":42},"end":{"line":18,"column":67}},"locations":[{"start":{"line":18,"column":42},"end":{"line":18,"column":67}}]},"3":{"type":"branch","line":19,"loc":{"start":{"line":19,"column":27},"end":{"line":19,"column":42}},"locations":[{"start":{"line":19,"column":27},"end":{"line":19,"column":42}}]},"4":{"type":"branch","line":19,"loc":{"start":{"line":19,"column":34},"end":{"line":21,"column":1}},"locations":[{"start":{"line":19,"column":34},"end":{"line":21,"column":1}}]},"5":{"type":"branch","line":26,"loc":{"start":{"line":26,"column":7},"end":{"line":36,"column":1}},"locations":[{"start":{"line":26,"column":7},"end":{"line":36,"column":1}}]},"6":{"type":"branch","line":41,"loc":{"start":{"line":41,"column":7},"end":{"line":43,"column":1}},"locations":[{"start":{"line":41,"column":7},"end":{"line":43,"column":1}}]},"7":{"type":"branch","line":45,"loc":{"start":{"line":45,"column":7},"end":{"line":47,"column":1}},"locations":[{"start":{"line":45,"column":7},"end":{"line":47,"column":1}}]}},"b":{"0":[9],"1":[5],"2":[4],"3":[4],"4":[5],"5":[2],"6":[1],"7":[2]},"fnMap":{"0":{"name":"clampInt","decl":{"start":{"line":17,"column":7},"end":{"line":21,"column":1}},"loc":{"start":{"line":17,"column":7},"end":{"line":21,"column":1}},"line":17},"1":{"name":"resolveSamplingBudgetFromSnapshot","decl":{"start":{"line":26,"column":7},"end":{"line":36,"column":1}},"loc":{"start":{"line":26,"column":7},"end":{"line":36,"column":1}},"line":26},"2":{"name":"computeDeadlineMs","decl":{"start":{"line":41,"column":7},"end":{"line":43,"column":1}},"loc":{"start":{"line":41,"column":7},"end":{"line":43,"column":1}},"line":41},"3":{"name":"isPastDeadline","decl":{"start":{"line":45,"column":7},"end":{"line":47,"column":1}},"loc":{"start":{"line":45,"column":7},"end":{"line":47,"column":1}},"line":45}},"f":{"0":9,"1":2,"2":1,"3":2}}
,"/Volumes/ORICO/ws/prj/luban-ws/change-dark/packages/shared/src/site-custom-css.ts": {"path":"/Volumes/ORICO/ws/prj/luban-ws/change-dark/packages/shared/src/site-custom-css.ts","all":false,"statementMap":{"4":{"start":{"line":5,"column":0},"end":{"line":5,"column":56}},"7":{"start":{"line":8,"column":0},"end":{"line":8,"column":56}},"10":{"start":{"line":11,"column":0},"end":{"line":11,"column":55}},"21":{"start":{"line":22,"column":0},"end":{"line":22,"column":68}},"22":{"start":{"line":23,"column":0},"end":{"line":23,"column":36}},"23":{"start":{"line":24,"column":0},"end":{"line":24,"column":15}},"24":{"start":{"line":25,"column":0},"end":{"line":25,"column":1}},"26":{"start":{"line":27,"column":0},"end":{"line":27,"column":52}},"27":{"start":{"line":28,"column":0},"end":{"line":28,"column":7}},"28":{"start":{"line":29,"column":0},"end":{"line":29,"column":24}},"29":{"start":{"line":30,"column":0},"end":{"line":30,"column":80}},"30":{"start":{"line":31,"column":0},"end":{"line":31,"column":11}},"31":{"start":{"line":32,"column":0},"end":{"line":32,"column":16}},"32":{"start":{"line":33,"column":0},"end":{"line":33,"column":3}},"33":{"start":{"line":34,"column":0},"end":{"line":34,"column":1}},"39":{"start":{"line":40,"column":0},"end":{"line":40,"column":60}},"40":{"start":{"line":41,"column":0},"end":{"line":41,"column":32}},"41":{"start":{"line":42,"column":0},"end":{"line":42,"column":46}},"42":{"start":{"line":43,"column":0},"end":{"line":43,"column":39}},"43":{"start":{"line":44,"column":0},"end":{"line":44,"column":45}},"44":{"start":{"line":45,"column":0},"end":{"line":45,"column":45}},"45":{"start":{"line":46,"column":0},"end":{"line":46,"column":3}},"46":{"start":{"line":47,"column":0},"end":{"line":47,"column":10}},"47":{"start":{"line":48,"column":0},"end":{"line":48,"column":1}},"52":{"start":{"line":53,"column":0},"end":{"line":53,"column":77}},"53":{"start":{"line":54,"column":0},"end":{"line":54,"column":82}},"54":{"start":{"line":55,"column":0},"end":{"line":55,"column":42}},"55":{"start":{"line":56,"column":0},"end":{"line":56,"column":89}},"56":{"start":{"line":57,"column":0},"end":{"line":57,"column":23}},"57":{"start":{"line":58,"column":0},"end":{"line":58,"column":80}},"58":{"start":{"line":59,"column":0},"end":{"line":59,"column":59}},"59":{"start":{"line":60,"column":0},"end":{"line":60,"column":15}},"60":{"start":{"line":61,"column":0},"end":{"line":61,"column":46}},"61":{"start":{"line":62,"column":0},"end":{"line":62,"column":51}},"62":{"start":{"line":63,"column":0},"end":{"line":63,"column":43}},"63":{"start":{"line":64,"column":0},"end":{"line":64,"column":49}},"64":{"start":{"line":65,"column":0},"end":{"line":65,"column":44}},"65":{"start":{"line":66,"column":0},"end":{"line":66,"column":43}},"66":{"start":{"line":67,"column":0},"end":{"line":67,"column":44}},"67":{"start":{"line":68,"column":0},"end":{"line":68,"column":32}},"68":{"start":{"line":69,"column":0},"end":{"line":69,"column":27}},"69":{"start":{"line":70,"column":0},"end":{"line":70,"column":16}},"70":{"start":{"line":71,"column":0},"end":{"line":71,"column":5}},"71":{"start":{"line":72,"column":0},"end":{"line":72,"column":3}},"72":{"start":{"line":73,"column":0},"end":{"line":73,"column":56}},"73":{"start":{"line":74,"column":0},"end":{"line":74,"column":1}},"78":{"start":{"line":79,"column":0},"end":{"line":79,"column":83}},"79":{"start":{"line":80,"column":0},"end":{"line":80,"column":40}},"80":{"start":{"line":81,"column":0},"end":{"line":81,"column":113}},"81":{"start":{"line":82,"column":0},"end":{"line":82,"column":1}}},"s":{"4":1,"7":1,"10":1,"21":1,"22":1,"23":1,"24":1,"26":2,"27":2,"28":2,"29":2,"30":2,"31":1,"32":1,"33":2,"39":1,"40":5,"41":5,"42":5,"43":5,"44":1,"45":1,"46":5,"47":5,"52":1,"53":2,"54":1,"55":2,"56":1,"57":2,"58":1,"59":1,"60":2,"61":2,"62":2,"63":2,"64":1,"65":1,"66":1,"67":1,"68":1,"69":1,"70":1,"71":2,"72":1,"73":1,"78":1,"79":0,"80":0,"81":0},"branchMap":{"0":{"type":"branch","line":27,"loc":{"start":{"line":27,"column":0},"end":{"line":34,"column":1}},"locations":[{"start":{"line":27,"column":0},"end":{"line":34,"column":1}}]},"1":{"type":"branch","line":30,"loc":{"start":{"line":30,"column":27},"end":{"line":30,"column":66}},"locations":[{"start":{"line":30,"column":27},"end":{"line":30,"column":66}}]},"2":{"type":"branch","line":30,"loc":{"start":{"line":30,"column":53},"end":{"line":30,"column":80}},"locations":[{"start":{"line":30,"column":53},"end":{"line":30,"column":80}}]},"3":{"type":"branch","line":31,"loc":{"start":{"line":31,"column":2},"end":{"line":33,"column":3}},"locations":[{"start":{"line":31,"column":2},"end":{"line":33,"column":3}}]},"4":{"type":"branch","line":40,"loc":{"start":{"line":40,"column":7},"end":{"line":48,"column":1}},"locations":[{"start":{"line":40,"column":7},"end":{"line":48,"column":1}}]},"5":{"type":"branch","line":44,"loc":{"start":{"line":44,"column":44},"end":{"line":46,"column":3}},"locations":[{"start":{"line":44,"column":44},"end":{"line":46,"column":3}}]},"6":{"type":"branch","line":53,"loc":{"start":{"line":53,"column":7},"end":{"line":74,"column":1}},"locations":[{"start":{"line":53,"column":7},"end":{"line":74,"column":1}}]},"7":{"type":"branch","line":54,"loc":{"start":{"line":54,"column":7},"end":{"line":54,"column":39}},"locations":[{"start":{"line":54,"column":7},"end":{"line":54,"column":39}}]},"8":{"type":"branch","line":54,"loc":{"start":{"line":54,"column":39},"end":{"line":56,"column":53}},"locations":[{"start":{"line":54,"column":39},"end":{"line":56,"column":53}}]},"9":{"type":"branch","line":56,"loc":{"start":{"line":56,"column":46},"end":{"line":56,"column":89}},"locations":[{"start":{"line":56,"column":46},"end":{"line":56,"column":89}}]},"10":{"type":"branch","line":56,"loc":{"start":{"line":56,"column":88},"end":{"line":58,"column":37}},"locations":[{"start":{"line":56,"column":88},"end":{"line":58,"column":37}}]},"11":{"type":"branch","line":58,"loc":{"start":{"line":58,"column":37},"end":{"line":58,"column":80}},"locations":[{"start":{"line":58,"column":37},"end":{"line":58,"column":80}}]},"12":{"type":"branch","line":58,"loc":{"start":{"line":58,"column":79},"end":{"line":61,"column":45}},"locations":[{"start":{"line":58,"column":79},"end":{"line":61,"column":45}}]},"13":{"type":"branch","line":62,"loc":{"start":{"line":62,"column":46},"end":{"line":62,"column":51}},"locations":[{"start":{"line":62,"column":46},"end":{"line":62,"column":51}}]},"14":{"type":"branch","line":63,"loc":{"start":{"line":63,"column":35},"end":{"line":64,"column":41}},"locations":[{"start":{"line":63,"column":35},"end":{"line":64,"column":41}}]},"15":{"type":"branch","line":64,"loc":{"start":{"line":64,"column":41},"end":{"line":64,"column":49}},"locations":[{"start":{"line":64,"column":41},"end":{"line":64,"column":49}}]},"16":{"type":"branch","line":64,"loc":{"start":{"line":64,"column":41},"end":{"line":66,"column":43}},"locations":[{"start":{"line":64,"column":41},"end":{"line":66,"column":43}}]},"17":{"type":"branch","line":66,"loc":{"start":{"line":66,"column":35},"end":{"line":66,"column":43}},"locations":[{"start":{"line":66,"column":35},"end":{"line":66,"column":43}}]},"18":{"type":"branch","line":66,"loc":{"start":{"line":66,"column":35},"end":{"line":71,"column":5}},"locations":[{"start":{"line":66,"column":35},"end":{"line":71,"column":5}}]},"19":{"type":"branch","line":72,"loc":{"start":{"line":72,"column":2},"end":{"line":74,"column":1}},"locations":[{"start":{"line":72,"column":2},"end":{"line":74,"column":1}}]}},"b":{"0":[2],"1":[1],"2":[1],"3":[1],"4":[5],"5":[1],"6":[2],"7":[1],"8":[1],"9":[0],"10":[1],"11":[0],"12":[1],"13":[0],"14":[1],"15":[0],"16":[1],"17":[0],"18":[1],"19":[1]},"fnMap":{"0":{"name":"isLikelyHttpOriginKey","decl":{"start":{"line":27,"column":0},"end":{"line":34,"column":1}},"loc":{"start":{"line":27,"column":0},"end":{"line":34,"column":1}},"line":27},"1":{"name":"sanitizeSiteCustomCss","decl":{"start":{"line":40,"column":7},"end":{"line":48,"column":1}},"loc":{"start":{"line":40,"column":7},"end":{"line":48,"column":1}},"line":40},"2":{"name":"parseSiteCustomCssState","decl":{"start":{"line":53,"column":7},"end":{"line":74,"column":1}},"loc":{"start":{"line":53,"column":7},"end":{"line":74,"column":1}},"line":53},"3":{"name":"isSiteCustomCssStateV1","decl":{"start":{"line":79,"column":7},"end":{"line":82,"column":1}},"loc":{"start":{"line":79,"column":7},"end":{"line":82,"column":1}},"line":79}},"f":{"0":2,"1":5,"2":2,"3":0}}
,"/Volumes/ORICO/ws/prj/luban-ws/change-dark/packages/shared/src/site-list.ts": {"path":"/Volumes/ORICO/ws/prj/luban-ws/change-dark/packages/shared/src/site-list.ts","all":false,"statementMap":{"0":{"start":{"line":1,"column":0},"end":{"line":1,"column":3}},"21":{"start":{"line":22,"column":0},"end":{"line":22,"column":38}},"22":{"start":{"line":23,"column":0},"end":{"line":23,"column":39}},"25":{"start":{"line":26,"column":0},"end":{"line":26,"column":49}},"27":{"start":{"line":28,"column":0},"end":{"line":28,"column":51}},"28":{"start":{"line":29,"column":0},"end":{"line":29,"column":7}},"29":{"start":{"line":30,"column":0},"end":{"line":30,"column":35}},"30":{"start":{"line":31,"column":0},"end":{"line":31,"column":11}},"31":{"start":{"line":32,"column":0},"end":{"line":32,"column":13}},"32":{"start":{"line":33,"column":0},"end":{"line":33,"column":3}},"33":{"start":{"line":34,"column":0},"end":{"line":34,"column":1}},"35":{"start":{"line":36,"column":0},"end":{"line":36,"column":83}},"36":{"start":{"line":37,"column":0},"end":{"line":37,"column":59}},"37":{"start":{"line":38,"column":0},"end":{"line":38,"column":40}},"38":{"start":{"line":39,"column":0},"end":{"line":39,"column":32}},"39":{"start":{"line":40,"column":0},"end":{"line":40,"column":38}},"40":{"start":{"line":41,"column":0},"end":{"line":41,"column":40}},"41":{"start":{"line":42,"column":0},"end":{"line":42,"column":72}},"42":{"start":{"line":43,"column":0},"end":{"line":43,"column":45}},"43":{"start":{"line":44,"column":0},"end":{"line":44,"column":7}},"44":{"start":{"line":45,"column":0},"end":{"line":45,"column":27}},"45":{"start":{"line":46,"column":0},"end":{"line":46,"column":11}},"46":{"start":{"line":47,"column":0},"end":{"line":47,"column":15}},"47":{"start":{"line":48,"column":0},"end":{"line":48,"column":3}},"48":{"start":{"line":49,"column":0},"end":{"line":49,"column":24}},"49":{"start":{"line":50,"column":0},"end":{"line":50,"column":1}},"54":{"start":{"line":55,"column":0},"end":{"line":55,"column":79}},"55":{"start":{"line":56,"column":0},"end":{"line":56,"column":31}},"56":{"start":{"line":57,"column":0},"end":{"line":57,"column":32}},"57":{"start":{"line":58,"column":0},"end":{"line":58,"column":43}},"58":{"start":{"line":59,"column":0},"end":{"line":59,"column":39}},"59":{"start":{"line":60,"column":0},"end":{"line":60,"column":31}},"60":{"start":{"line":61,"column":0},"end":{"line":61,"column":37}},"61":{"start":{"line":62,"column":0},"end":{"line":62,"column":3}},"62":{"start":{"line":63,"column":0},"end":{"line":63,"column":13}},"63":{"start":{"line":64,"column":0},"end":{"line":64,"column":1}},"68":{"start":{"line":69,"column":0},"end":{"line":69,"column":90}},"69":{"start":{"line":70,"column":0},"end":{"line":70,"column":51}},"70":{"start":{"line":71,"column":0},"end":{"line":71,"column":34}},"71":{"start":{"line":72,"column":0},"end":{"line":72,"column":36}},"72":{"start":{"line":73,"column":0},"end":{"line":73,"column":37}},"73":{"start":{"line":74,"column":0},"end":{"line":74,"column":11}},"74":{"start":{"line":75,"column":0},"end":{"line":75,"column":9}},"75":{"start":{"line":76,"column":0},"end":{"line":76,"column":46}},"76":{"start":{"line":77,"column":0},"end":{"line":77,"column":49}},"77":{"start":{"line":78,"column":0},"end":{"line":78,"column":13}},"78":{"start":{"line":79,"column":0},"end":{"line":79,"column":18}},"79":{"start":{"line":80,"column":0},"end":{"line":80,"column":5}},"80":{"start":{"line":81,"column":0},"end":{"line":81,"column":3}},"81":{"start":{"line":82,"column":0},"end":{"line":82,"column":27}},"82":{"start":{"line":83,"column":0},"end":{"line":83,"column":44}},"83":{"start":{"line":84,"column":0},"end":{"line":84,"column":3}},"84":{"start":{"line":85,"column":0},"end":{"line":85,"column":14}},"85":{"start":{"line":86,"column":0},"end":{"line":86,"column":1}},"88":{"start":{"line":89,"column":0},"end":{"line":89,"column":107}},"89":{"start":{"line":90,"column":0},"end":{"line":90,"column":72}},"90":{"start":{"line":91,"column":0},"end":{"line":91,"column":1}},"95":{"start":{"line":96,"column":0},"end":{"line":96,"column":100}},"96":{"start":{"line":97,"column":0},"end":{"line":97,"column":43}},"97":{"start":{"line":98,"column":0},"end":{"line":98,"column":68}},"98":{"start":{"line":99,"column":0},"end":{"line":99,"column":56}},"99":{"start":{"line":100,"column":0},"end":{"line":100,"column":18}},"100":{"start":{"line":101,"column":0},"end":{"line":101,"column":3}},"101":{"start":{"line":102,"column":0},"end":{"line":102,"column":15}},"102":{"start":{"line":103,"column":0},"end":{"line":103,"column":1}},"104":{"start":{"line":105,"column":0},"end":{"line":105,"column":58}},"105":{"start":{"line":106,"column":0},"end":{"line":106,"column":15}},"106":{"start":{"line":107,"column":0},"end":{"line":107,"column":15}},"107":{"start":{"line":108,"column":0},"end":{"line":108,"column":9}},"108":{"start":{"line":109,"column":0},"end":{"line":109,"column":74}},"109":{"start":{"line":110,"column":0},"end":{"line":110,"column":29}},"110":{"start":{"line":111,"column":0},"end":{"line":111,"column":25}},"111":{"start":{"line":112,"column":0},"end":{"line":112,"column":6}},"112":{"start":{"line":113,"column":0},"end":{"line":113,"column":3}},"113":{"start":{"line":114,"column":0},"end":{"line":114,"column":11}},"114":{"start":{"line":115,"column":0},"end":{"line":115,"column":36}},"115":{"start":{"line":116,"column":0},"end":{"line":116,"column":12}},"116":{"start":{"line":117,"column":0},"end":{"line":117,"column":1}},"121":{"start":{"line":122,"column":0},"end":{"line":122,"column":67}},"122":{"start":{"line":123,"column":0},"end":{"line":123,"column":40}},"123":{"start":{"line":124,"column":0},"end":{"line":124,"column":72}},"124":{"start":{"line":125,"column":0},"end":{"line":125,"column":3}},"125":{"start":{"line":126,"column":0},"end":{"line":126,"column":42}},"126":{"start":{"line":127,"column":0},"end":{"line":127,"column":28}},"127":{"start":{"line":128,"column":0},"end":{"line":128,"column":48}},"128":{"start":{"line":129,"column":0},"end":{"line":129,"column":41}},"129":{"start":{"line":130,"column":0},"end":{"line":130,"column":40}},"131":{"start":{"line":132,"column":0},"end":{"line":132,"column":46}},"132":{"start":{"line":133,"column":0},"end":{"line":133,"column":68}},"133":{"start":{"line":134,"column":0},"end":{"line":134,"column":3}},"134":{"start":{"line":135,"column":0},"end":{"line":135,"column":22}},"135":{"start":{"line":136,"column":0},"end":{"line":136,"column":25}},"136":{"start":{"line":137,"column":0},"end":{"line":137,"column":12}},"137":{"start":{"line":138,"column":0},"end":{"line":138,"column":11}},"138":{"start":{"line":139,"column":0},"end":{"line":139,"column":45}},"139":{"start":{"line":140,"column":0},"end":{"line":140,"column":40}},"140":{"start":{"line":141,"column":0},"end":{"line":141,"column":5}},"141":{"start":{"line":142,"column":0},"end":{"line":142,"column":3}},"142":{"start":{"line":143,"column":0},"end":{"line":143,"column":70}},"143":{"start":{"line":144,"column":0},"end":{"line":144,"column":1}},"148":{"start":{"line":149,"column":0},"end":{"line":149,"column":85}},"149":{"start":{"line":150,"column":0},"end":{"line":150,"column":58}},"150":{"start":{"line":151,"column":0},"end":{"line":151,"column":1}},"153":{"start":{"line":154,"column":0},"end":{"line":154,"column":95}},"154":{"start":{"line":155,"column":0},"end":{"line":155,"column":36}},"155":{"start":{"line":156,"column":0},"end":{"line":156,"column":41}},"156":{"start":{"line":157,"column":0},"end":{"line":157,"column":22}},"157":{"start":{"line":158,"column":0},"end":{"line":158,"column":10}},"158":{"start":{"line":159,"column":0},"end":{"line":159,"column":9}},"159":{"start":{"line":160,"column":0},"end":{"line":160,"column":21}},"160":{"start":{"line":161,"column":0},"end":{"line":161,"column":61}},"161":{"start":{"line":162,"column":0},"end":{"line":162,"column":3}},"162":{"start":{"line":163,"column":0},"end":{"line":163,"column":1}},"167":{"start":{"line":168,"column":0},"end":{"line":168,"column":69}},"168":{"start":{"line":169,"column":0},"end":{"line":169,"column":33}},"169":{"start":{"line":170,"column":0},"end":{"line":170,"column":1}},"174":{"start":{"line":175,"column":0},"end":{"line":175,"column":75}},"175":{"start":{"line":176,"column":0},"end":{"line":176,"column":7}},"176":{"start":{"line":177,"column":0},"end":{"line":177,"column":29}},"177":{"start":{"line":178,"column":0},"end":{"line":178,"column":70}},"178":{"start":{"line":179,"column":0},"end":{"line":179,"column":19}},"179":{"start":{"line":180,"column":0},"end":{"line":180,"column":11}},"180":{"start":{"line":181,"column":0},"end":{"line":181,"column":15}},"181":{"start":{"line":182,"column":0},"end":{"line":182,"column":3}},"182":{"start":{"line":183,"column":0},"end":{"line":183,"column":1}}},"s":{"0":1,"21":1,"22":1,"25":1,"27":6,"28":6,"29":6,"30":6,"31":0,"32":0,"33":6,"35":2,"36":2,"37":1,"38":2,"39":1,"40":1,"41":2,"42":2,"43":1,"44":1,"45":2,"46":0,"47":0,"48":1,"49":1,"54":1,"55":4,"56":4,"57":4,"58":4,"59":8,"60":8,"61":8,"62":3,"63":3,"68":1,"69":5,"70":5,"71":5,"72":2,"73":5,"74":1,"75":1,"76":1,"77":1,"78":0,"79":0,"80":1,"81":1,"82":1,"83":1,"84":0,"85":0,"88":1,"89":4,"90":4,"95":1,"96":3,"97":3,"98":3,"99":2,"100":2,"101":1,"102":1,"104":6,"105":6,"106":6,"107":6,"108":6,"109":6,"110":6,"111":6,"112":6,"113":6,"114":6,"115":6,"116":6,"121":1,"122":9,"123":1,"124":1,"125":8,"126":8,"127":8,"128":2,"129":6,"131":9,"132":4,"133":4,"134":4,"135":9,"136":2,"137":2,"138":2,"139":2,"140":2,"141":2,"142":2,"143":2,"148":1,"149":0,"150":0,"153":1,"154":2,"155":2,"156":1,"157":2,"158":2,"159":2,"160":2,"161":2,"162":2,"167":1,"168":3,"169":3,"174":1,"175":4,"176":4,"177":4,"178":2,"179":4,"180":0,"181":0,"182":4},"branchMap":{"0":{"type":"branch","line":28,"loc":{"start":{"line":28,"column":0},"end":{"line":34,"column":1}},"locations":[{"start":{"line":28,"column":0},"end":{"line":34,"column":1}}]},"1":{"type":"branch","line":31,"loc":{"start":{"line":31,"column":2},"end":{"line":33,"column":3}},"locations":[{"start":{"line":31,"column":2},"end":{"line":33,"column":3}}]},"2":{"type":"branch","line":36,"loc":{"start":{"line":36,"column":0},"end":{"line":50,"column":1}},"locations":[{"start":{"line":36,"column":0},"end":{"line":50,"column":1}}]},"3":{"type":"branch","line":37,"loc":{"start":{"line":37,"column":26},"end":{"line":37,"column":48}},"locations":[{"start":{"line":37,"column":26},"end":{"line":37,"column":48}}]},"4":{"type":"branch","line":37,"loc":{"start":{"line":37,"column":48},"end":{"line":39,"column":28}},"locations":[{"start":{"line":37,"column":48},"end":{"line":39,"column":28}}]},"5":{"type":"branch","line":39,"loc":{"start":{"line":39,"column":21},"end":{"line":39,"column":32}},"locations":[{"start":{"line":39,"column":21},"end":{"line":39,"column":32}}]},"6":{"type":"branch","line":39,"loc":{"start":{"line":39,"column":28},"end":{"line":42,"column":61}},"locations":[{"start":{"line":39,"column":28},"end":{"line":42,"column":61}}]},"7":{"type":"branch","line":42,"loc":{"start":{"line":42,"column":61},"end":{"line":42,"column":72}},"locations":[{"start":{"line":42,"column":61},"end":{"line":42,"column":72}}]},"8":{"type":"branch","line":42,"loc":{"start":{"line":42,"column":68},"end":{"line":43,"column":41}},"locations":[{"start":{"line":42,"column":68},"end":{"line":43,"column":41}}]},"9":{"type":"branch","line":43,"loc":{"start":{"line":43,"column":34},"end":{"line":43,"column":45}},"locations":[{"start":{"line":43,"column":34},"end":{"line":43,"column":45}}]},"10":{"type":"branch","line":43,"loc":{"start":{"line":43,"column":41},"end":{"line":46,"column":10}},"locations":[{"start":{"line":43,"column":41},"end":{"line":46,"column":10}}]},"11":{"type":"branch","line":46,"loc":{"start":{"line":46,"column":2},"end":{"line":48,"column":3}},"locations":[{"start":{"line":46,"column":2},"end":{"line":48,"column":3}}]},"12":{"type":"branch","line":48,"loc":{"start":{"line":48,"column":2},"end":{"line":50,"column":1}},"locations":[{"start":{"line":48,"column":2},"end":{"line":50,"column":1}}]},"13":{"type":"branch","line":55,"loc":{"start":{"line":55,"column":7},"end":{"line":64,"column":1}},"locations":[{"start":{"line":55,"column":7},"end":{"line":64,"column":1}}]},"14":{"type":"branch","line":58,"loc":{"start":{"line":58,"column":31},"end":{"line":58,"column":43}},"locations":[{"start":{"line":58,"column":31},"end":{"line":58,"column":43}}]},"15":{"type":"branch","line":58,"loc":{"start":{"line":58,"column":38},"end":{"line":59,"column":38}},"locations":[{"start":{"line":58,"column":38},"end":{"line":59,"column":38}}]},"16":{"type":"branch","line":59,"loc":{"start":{"line":59,"column":38},"end":{"line":62,"column":3}},"locations":[{"start":{"line":59,"column":38},"end":{"line":62,"column":3}}]},"17":{"type":"branch","line":60,"loc":{"start":{"line":60,"column":23},"end":{"line":60,"column":31}},"locations":[{"start":{"line":60,"column":23},"end":{"line":60,"column":31}}]},"18":{"type":"branch","line":60,"loc":{"start":{"line":60,"column":23},"end":{"line":61,"column":32}},"locations":[{"start":{"line":60,"column":23},"end":{"line":61,"column":32}}]},"19":{"type":"branch","line":61,"loc":{"start":{"line":61,"column":25},"end":{"line":61,"column":37}},"locations":[{"start":{"line":61,"column":25},"end":{"line":61,"column":37}}]},"20":{"type":"branch","line":62,"loc":{"start":{"line":62,"column":2},"end":{"line":64,"column":1}},"locations":[{"start":{"line":62,"column":2},"end":{"line":64,"column":1}}]},"21":{"type":"branch","line":69,"loc":{"start":{"line":69,"column":7},"end":{"line":86,"column":1}},"locations":[{"start":{"line":69,"column":7},"end":{"line":86,"column":1}}]},"22":{"type":"branch","line":70,"loc":{"start":{"line":70,"column":39},"end":{"line":70,"column":51}},"locations":[{"start":{"line":70,"column":39},"end":{"line":70,"column":51}}]},"23":{"type":"branch","line":71,"loc":{"start":{"line":71,"column":23},"end":{"line":71,"column":34}},"locations":[{"start":{"line":71,"column":23},"end":{"line":71,"column":34}}]},"24":{"type":"branch","line":71,"loc":{"start":{"line":71,"column":30},"end":{"line":72,"column":32}},"locations":[{"start":{"line":71,"column":30},"end":{"line":72,"column":32}}]},"25":{"type":"branch","line":72,"loc":{"start":{"line":72,"column":25},"end":{"line":72,"column":36}},"locations":[{"start":{"line":72,"column":25},"end":{"line":72,"column":36}}]},"26":{"type":"branch","line":72,"loc":{"start":{"line":72,"column":32},"end":{"line":74,"column":10}},"locations":[{"start":{"line":72,"column":32},"end":{"line":74,"column":10}}]},"27":{"type":"branch","line":74,"loc":{"start":{"line":74,"column":10},"end":{"line":84,"column":3}},"locations":[{"start":{"line":74,"column":10},"end":{"line":84,"column":3}}]},"28":{"type":"branch","line":77,"loc":{"start":{"line":77,"column":29},"end":{"line":77,"column":49}},"locations":[{"start":{"line":77,"column":29},"end":{"line":77,"column":49}}]},"29":{"type":"branch","line":78,"loc":{"start":{"line":78,"column":4},"end":{"line":80,"column":5}},"locations":[{"start":{"line":78,"column":4},"end":{"line":80,"column":5}}]},"30":{"type":"branch","line":84,"loc":{"start":{"line":84,"column":2},"end":{"line":86,"column":1}},"locations":[{"start":{"line":84,"column":2},"end":{"line":86,"column":1}}]},"31":{"type":"branch","line":89,"loc":{"start":{"line":89,"column":7},"end":{"line":91,"column":1}},"locations":[{"start":{"line":89,"column":7},"end":{"line":91,"column":1}}]},"32":{"type":"branch","line":90,"loc":{"start":{"line":90,"column":22},"end":{"line":90,"column":71}},"locations":[{"start":{"line":90,"column":22},"end":{"line":90,"column":71}}]},"33":{"type":"branch","line":96,"loc":{"start":{"line":96,"column":7},"end":{"line":103,"column":1}},"locations":[{"start":{"line":96,"column":7},"end":{"line":103,"column":1}}]},"34":{"type":"branch","line":99,"loc":{"start":{"line":99,"column":55},"end":{"line":101,"column":3}},"locations":[{"start":{"line":99,"column":55},"end":{"line":101,"column":3}}]},"35":{"type":"branch","line":101,"loc":{"start":{"line":101,"column":2},"end":{"line":103,"column":1}},"locations":[{"start":{"line":101,"column":2},"end":{"line":103,"column":1}}]},"36":{"type":"branch","line":105,"loc":{"start":{"line":105,"column":0},"end":{"line":117,"column":1}},"locations":[{"start":{"line":105,"column":0},"end":{"line":117,"column":1}}]},"37":{"type":"branch","line":109,"loc":{"start":{"line":109,"column":16},"end":{"line":109,"column":73}},"locations":[{"start":{"line":109,"column":16},"end":{"line":109,"column":73}}]},"38":{"type":"branch","line":110,"loc":{"start":{"line":110,"column":13},"end":{"line":110,"column":28}},"locations":[{"start":{"line":110,"column":13},"end":{"line":110,"column":28}}]},"39":{"type":"branch","line":122,"loc":{"start":{"line":122,"column":7},"end":{"line":144,"column":1}},"locations":[{"start":{"line":122,"column":7},"end":{"line":144,"column":1}}]},"40":{"type":"branch","line":123,"loc":{"start":{"line":123,"column":7},"end":{"line":123,"column":39}},"locations":[{"start":{"line":123,"column":7},"end":{"line":123,"column":39}}]},"41":{"type":"branch","line":123,"loc":{"start":{"line":123,"column":39},"end":{"line":125,"column":3}},"locations":[{"start":{"line":123,"column":39},"end":{"line":125,"column":3}}]},"42":{"type":"branch","line":125,"loc":{"start":{"line":125,"column":2},"end":{"line":128,"column":48}},"locations":[{"start":{"line":125,"column":2},"end":{"line":128,"column":48}}]},"43":{"type":"branch","line":128,"loc":{"start":{"line":128,"column":15},"end":{"line":129,"column":41}},"locations":[{"start":{"line":128,"column":15},"end":{"line":129,"column":41}}]},"44":{"type":"branch","line":129,"loc":{"start":{"line":129,"column":8},"end":{"line":130,"column":40}},"locations":[{"start":{"line":129,"column":8},"end":{"line":130,"column":40}}]},"45":{"type":"branch","line":132,"loc":{"start":{"line":132,"column":14},"end":{"line":132,"column":45}},"locations":[{"start":{"line":132,"column":14},"end":{"line":132,"column":45}}]},"46":{"type":"branch","line":132,"loc":{"start":{"line":132,"column":45},"end":{"line":136,"column":24}},"locations":[{"start":{"line":132,"column":45},"end":{"line":136,"column":24}}]},"47":{"type":"branch","line":136,"loc":{"start":{"line":136,"column":24},"end":{"line":144,"column":1}},"locations":[{"start":{"line":136,"column":24},"end":{"line":144,"column":1}}]},"48":{"type":"branch","line":154,"loc":{"start":{"line":154,"column":7},"end":{"line":163,"column":1}},"locations":[{"start":{"line":154,"column":7},"end":{"line":163,"column":1}}]},"49":{"type":"branch","line":156,"loc":{"start":{"line":156,"column":23},"end":{"line":157,"column":22}},"locations":[{"start":{"line":156,"column":23},"end":{"line":157,"column":22}}]},"50":{"type":"branch","line":168,"loc":{"start":{"line":168,"column":7},"end":{"line":170,"column":1}},"locations":[{"start":{"line":168,"column":7},"end":{"line":170,"column":1}}]},"51":{"type":"branch","line":175,"loc":{"start":{"line":175,"column":7},"end":{"line":183,"column":1}},"locations":[{"start":{"line":175,"column":7},"end":{"line":183,"column":1}}]},"52":{"type":"branch","line":178,"loc":{"start":{"line":178,"column":23},"end":{"line":178,"column":59}},"locations":[{"start":{"line":178,"column":23},"end":{"line":178,"column":59}}]},"53":{"type":"branch","line":178,"loc":{"start":{"line":178,"column":59},"end":{"line":180,"column":10}},"locations":[{"start":{"line":178,"column":59},"end":{"line":180,"column":10}}]},"54":{"type":"branch","line":180,"loc":{"start":{"line":180,"column":2},"end":{"line":182,"column":3}},"locations":[{"start":{"line":180,"column":2},"end":{"line":182,"column":3}}]}},"b":{"0":[6],"1":[0],"2":[2],"3":[1],"4":[1],"5":[0],"6":[1],"7":[0],"8":[1],"9":[0],"10":[1],"11":[0],"12":[1],"13":[4],"14":[1],"15":[3],"16":[8],"17":[3],"18":[5],"19":[0],"20":[3],"21":[5],"22":[0],"23":[3],"24":[2],"25":[0],"26":[2],"27":[1],"28":[0],"29":[0],"30":[0],"31":[4],"32":[4],"33":[3],"34":[2],"35":[1],"36":[6],"37":[7],"38":[7],"39":[9],"40":[8],"41":[1],"42":[8],"43":[2],"44":[6],"45":[4],"46":[4],"47":[2],"48":[2],"49":[1],"50":[3],"51":[4],"52":[3],"53":[2],"54":[0]},"fnMap":{"0":{"name":"originToHostname","decl":{"start":{"line":28,"column":0},"end":{"line":34,"column":1}},"loc":{"start":{"line":28,"column":0},"end":{"line":34,"column":1}},"line":28},"1":{"name":"tryParseSlashRegex","decl":{"start":{"line":36,"column":0},"end":{"line":50,"column":1}},"loc":{"start":{"line":36,"column":0},"end":{"line":50,"column":1}},"line":36},"2":{"name":"globMatchHostname","decl":{"start":{"line":55,"column":7},"end":{"line":64,"column":1}},"loc":{"start":{"line":55,"column":7},"end":{"line":64,"column":1}},"line":55},"3":{"name":"matchesSiteRule","decl":{"start":{"line":69,"column":7},"end":{"line":86,"column":1}},"loc":{"start":{"line":69,"column":7},"end":{"line":86,"column":1}},"line":69},"4":{"name":"siteListRulesMatch","decl":{"start":{"line":89,"column":7},"end":{"line":91,"column":1}},"loc":{"start":{"line":89,"column":7},"end":{"line":91,"column":1}},"line":89},"5":{"name":"shouldApplyForcedDarkFromSiteList","decl":{"start":{"line":96,"column":7},"end":{"line":103,"column":1}},"loc":{"start":{"line":96,"column":7},"end":{"line":103,"column":1}},"line":96},"6":{"name":"normalizeEntryStrings","decl":{"start":{"line":105,"column":0},"end":{"line":117,"column":1}},"loc":{"start":{"line":105,"column":0},"end":{"line":117,"column":1}},"line":105},"7":{"name":"parseSiteListState","decl":{"start":{"line":122,"column":7},"end":{"line":144,"column":1}},"loc":{"start":{"line":122,"column":7},"end":{"line":144,"column":1}},"line":122},"8":{"name":"isOriginInDenylist","decl":{"start":{"line":149,"column":7},"end":{"line":151,"column":1}},"loc":{"start":{"line":149,"column":7},"end":{"line":151,"column":1}},"line":149},"9":{"name":"toggleDenylistOrigin","decl":{"start":{"line":154,"column":7},"end":{"line":163,"column":1}},"loc":{"start":{"line":154,"column":7},"end":{"line":163,"column":1}},"line":154},"10":{"name":"hostnameLabelFromHttpOrigin","decl":{"start":{"line":168,"column":7},"end":{"line":170,"column":1}},"loc":{"start":{"line":168,"column":7},"end":{"line":170,"column":1}},"line":168},"11":{"name":"normalizeHttpOriginFromUrl","decl":{"start":{"line":175,"column":7},"end":{"line":183,"column":1}},"loc":{"start":{"line":175,"column":7},"end":{"line":183,"column":1}},"line":175}},"f":{"0":6,"1":2,"2":4,"3":5,"4":4,"5":3,"6":6,"7":9,"8":0,"9":2,"10":3,"11":4}}
[...]
olumn":1}},"116":{"start":{"line":117,"column":0},"end":{"line":117,"column":100}},"117":{"start":{"line":118,"column":0},"end":{"line":118,"column":47}},"118":{"start":{"line":119,"column":0},"end":{"line":119,"column":73}},"119":{"start":{"line":120,"column":0},"end":{"line":120,"column":41}},"120":{"start":{"line":121,"column":0},"end":{"line":121,"column":41}},"121":{"start":{"line":122,"column":0},"end":{"line":122,"column":87}},"122":{"start":{"line":123,"column":0},"end":{"line":123,"column":91}},"123":{"start":{"line":124,"column":0},"end":{"line":124,"column":88}},"124":{"start":{"line":125,"column":0},"end":{"line":125,"column":47}},"125":{"start":{"line":126,"column":0},"end":{"line":126,"column":3}},"126":{"start":{"line":127,"column":0},"end":{"line":127,"column":12}},"127":{"start":{"line":128,"column":0},"end":{"line":128,"column":1}},"130":{"start":{"line":131,"column":0},"end":{"line":131,"column":97}},"131":{"start":{"line":132,"column":0},"end":{"line":132,"column":55}},"132":{"start":{"line":133,"column":0},"end":{"line":133,"column":42}},"133":{"start":{"line":134,"column":0},"end":{"line":134,"column":51}},"134":{"start":{"line":135,"column":0},"end":{"line":135,"column":69}},"135":{"start":{"line":136,"column":0},"end":{"line":136,"column":41}},"136":{"start":{"line":137,"column":0},"end":{"line":137,"column":16}},"137":{"start":{"line":138,"column":0},"end":{"line":138,"column":1}},"139":{"start":{"line":140,"column":0},"end":{"line":140,"column":87}},"140":{"start":{"line":141,"column":0},"end":{"line":141,"column":30}},"141":{"start":{"line":142,"column":0},"end":{"line":142,"column":62}},"142":{"start":{"line":143,"column":0},"end":{"line":143,"column":1}},"145":{"start":{"line":146,"column":0},"end":{"line":146,"column":71}},"146":{"start":{"line":147,"column":0},"end":{"line":147,"column":38}},"147":{"start":{"line":148,"column":0},"end":{"line":148,"column":25}},"148":{"start":{"line":149,"column":0},"end":{"line":149,"column":39}},"149":{"start":{"line":150,"column":0},"end":{"line":150,"column":30}},"150":{"start":{"line":151,"column":0},"end":{"line":151,"column":37}},"151":{"start":{"line":152,"column":0},"end":{"line":152,"column":28}},"152":{"start":{"line":153,"column":0},"end":{"line":153,"column":38}},"153":{"start":{"line":154,"column":0},"end":{"line":154,"column":29}},"154":{"start":{"line":155,"column":0},"end":{"line":155,"column":37}},"155":{"start":{"line":156,"column":0},"end":{"line":156,"column":28}},"156":{"start":{"line":157,"column":0},"end":{"line":157,"column":41}},"157":{"start":{"line":158,"column":0},"end":{"line":158,"column":60}},"158":{"start":{"line":159,"column":0},"end":{"line":159,"column":72}},"159":{"start":{"line":160,"column":0},"end":{"line":160,"column":5}},"160":{"start":{"line":161,"column":0},"end":{"line":161,"column":12}},"161":{"start":{"line":162,"column":0},"end":{"line":162,"column":30}},"162":{"start":{"line":163,"column":0},"end":{"line":163,"column":3}},"163":{"start":{"line":164,"column":0},"end":{"line":164,"column":1}},"166":{"start":{"line":167,"column":0},"end":{"line":167,"column":38}},"167":{"start":{"line":168,"column":0},"end":{"line":168,"column":31}},"168":{"start":{"line":169,"column":0},"end":{"line":169,"column":32}},"169":{"start":{"line":170,"column":0},"end":{"line":170,"column":34}},"170":{"start":{"line":171,"column":0},"end":{"line":171,"column":43}},"171":{"start":{"line":172,"column":0},"end":{"line":172,"column":44}},"172":{"start":{"line":173,"column":0},"end":{"line":173,"column":47}},"173":{"start":{"line":174,"column":0},"end":{"line":174,"column":70}},"174":{"start":{"line":175,"column":0},"end":{"line":175,"column":66}},"175":{"start":{"line":176,"column":0},"end":{"line":176,"column":90}},"176":{"start":{"line":177,"column":0},"end":{"line":177,"column":94}},"177":{"start":{"line":178,"column":0},"end":{"line":178,"column":94}},"178":{"start":{"line":179,"column":0},"end":{"line":179,"column":12}},"179":{"start":{"line":180,"column":0},"end":{"line":180,"column":1}},"182":{"start":{"line":183,"column":0},"end":{"line":183,"column":79}},"183":{"start":{"line":184,"column":0},"end":{"line":184,"column":38}},"184":{"start":{"line":185,"column":0},"end":{"line":185,"column":32}},"185":{"start":{"line":186,"column":0},"end":{"line":186,"column":65}},"186":{"start":{"line":187,"column":0},"end":{"line":187,"column":14}},"187":{"start":{"line":188,"column":0},"end":{"line":188,"column":1}},"192":{"start":{"line":193,"column":0},"end":{"line":193,"column":69}},"193":{"start":{"line":194,"column":0},"end":{"line":194,"column":38}},"194":{"start":{"line":195,"column":0},"end":{"line":195,"column":48}},"196":{"start":{"line":197,"column":0},"end":{"line":197,"column":28}},"197":{"start":{"line":198,"column":0},"end":{"line":198,"column":22}},"198":{"start":{"line":199,"column":0},"end":{"line":199,"column":39}},"199":{"start":{"line":200,"column":0},"end":{"line":200,"column":16}},"200":{"start":{"line":201,"column":0},"end":{"line":201,"column":29}},"201":{"start":{"line":202,"column":0},"end":{"line":202,"column":37}},"202":{"start":{"line":203,"column":0},"end":{"line":203,"column":7}},"203":{"start":{"line":204,"column":0},"end":{"line":204,"column":3}},"204":{"start":{"line":205,"column":0},"end":{"line":205,"column":55}},"205":{"start":{"line":206,"column":0},"end":{"line":206,"column":44}},"206":{"start":{"line":207,"column":0},"end":{"line":207,"column":16}},"207":{"start":{"line":208,"column":0},"end":{"line":208,"column":50}},"208":{"start":{"line":209,"column":0},"end":{"line":209,"column":71}},"209":{"start":{"line":210,"column":0},"end":{"line":210,"column":7}},"210":{"start":{"line":211,"column":0},"end":{"line":211,"column":3}},"211":{"start":{"line":212,"column":0},"end":{"line":212,"column":25}},"212":{"start":{"line":213,"column":0},"end":{"line":213,"column":1}}},"s":{"0":1,"8":1,"11":1,"12":1,"13":1,"14":1,"15":1,"40":1,"42":1,"43":1,"44":1,"45":1,"46":1,"47":1,"50":1,"51":1,"52":1,"53":1,"54":1,"55":1,"56":1,"58":1,"59":1,"60":1,"61":1,"66":1,"67":17,"68":17,"69":17,"70":17,"71":17,"72":17,"73":17,"74":17,"76":1,"77":15,"78":15,"79":15,"80":15,"81":4,"82":1,"83":1,"86":1,"87":16,"88":15,"89":15,"92":1,"93":13,"94":13,"95":13,"96":13,"97":13,"98":13,"99":13,"100":13,"101":13,"102":13,"103":13,"105":1,"106":3,"107":2,"108":3,"109":1,"110":1,"111":1,"112":1,"113":1,"114":1,"116":2,"117":2,"118":2,"119":2,"120":2,"121":2,"122":2,"123":2,"124":1,"125":1,"126":2,"127":2,"130":1,"131":1,"132":1,"133":1,"134":1,"135":1,"136":1,"137":1,"139":1,"140":1,"141":1,"142":1,"145":1,"146":2,"147":2,"148":2,"149":0,"150":2,"151":1,"152":2,"153":0,"154":2,"155":0,"156":2,"157":1,"158":1,"159":1,"160":2,"161":0,"162":2,"163":2,"166":1,"167":1,"168":1,"169":1,"170":1,"171":1,"172":1,"173":1,"174":1,"175":1,"176":1,"177":1,"178":1,"179":1,"182":1,"183":4,"184":4,"185":4,"186":2,"187":2,"192":1,"193":2,"194":2,"196":1,"197":1,"198":1,"199":1,"200":1,"201":1,"202":1,"203":1,"204":2,"205":1,"206":1,"207":1,"208":1,"209":1,"210":1,"211":1,"212":1},"branchMap":{"0":{"type":"branch","line":67,"loc":{"start":{"line":67,"column":7},"end":{"line":75,"column":1}},"locations":[{"start":{"line":67,"column":7},"end":{"line":75,"column":1}}]},"1":{"type":"branch","line":77,"loc":{"start":{"line":77,"column":7},"end":{"line":84,"column":1}},"locations":[{"start":{"line":77,"column":7},"end":{"line":84,"column":1}}]},"2":{"type":"branch","line":78,"loc":{"start":{"line":78,"column":45},"end":{"line":79,"column":50}},"locations":[{"start":{"line":78,"column":45},"end":{"line":79,"column":50}}]},"3":{"type":"branch","line":78,"loc":{"start":{"line":78,"column":45},"end":{"line":78,"column":81}},"locations":[{"start":{"line":78,"column":45},"end":{"line":78,"column":81}}]},"4":{"type":"branch","line":78,"loc":{"start":{"line":78,"column":52},"end":{"line":79,"column":50}},"locations":[{"start":{"line":78,"column":52},"end":{"line":79,"column":50}}]},"5":{"type":"branch","line":79,"loc":{"start":{"line":79,"column":43},"end":{"line":79,"column":77}},"locations":[{"start":{"line":79,"column":43},"end":{"line":79,"column":77}}]},"6":{"type":"branch","line":79,"loc":{"start":{"line":79,"column":50},"end":{"line":80,"column":51}},"locations":[{"start":{"line":79,"column":50},"end":{"line":80,"column":51}}]},"7":{"type":"branch","line":80,"loc":{"start":{"line":80,"column":44},"end":{"line":80,"column":79}},"locations":[{"start":{"line":80,"column":44},"end":{"line":80,"column":79}}]},"8":{"type":"branch","line":80,"loc":{"start":{"line":80,"column":51},"end":{"line":81,"column":50}},"locations":[{"start":{"line":80,"column":51},"end":{"line":81,"column":50}}]},"9":{"type":"branch","line":81,"loc":{"start":{"line":81,"column":43},"end":{"line":81,"column":77}},"locations":[{"start":{"line":81,"column":43},"end":{"line":81,"column":77}}]},"10":{"type":"branch","line":81,"loc":{"start":{"line":81,"column":50},"end":{"line":82,"column":81}},"locations":[{"start":{"line":81,"column":50},"end":{"line":82,"column":81}}]},"11":{"type":"branch","line":81,"loc":{"start":{"line":81,"column":50},"end":{"line":82,"column":52}},"locations":[{"start":{"line":81,"column":50},"end":{"line":82,"column":52}}]},"12":{"type":"branch","line":82,"loc":{"start":{"line":82,"column":45},"end":{"line":82,"column":81}},"locations":[{"start":{"line":82,"column":45},"end":{"line":82,"column":81}}]},"13":{"type":"branch","line":82,"loc":{"start":{"line":82,"column":52},"end":{"line":84,"column":1}},"locations":[{"start":{"line":82,"column":52},"end":{"line":84,"column":1}}]},"14":{"type":"branch","line":87,"loc":{"start":{"line":87,"column":7},"end":{"line":90,"column":1}},"locations":[{"start":{"line":87,"column":7},"end":{"line":90,"column":1}}]},"15":{"type":"branch","line":88,"loc":{"start":{"line":88,"column":27},"end":{"line":88,"column":79}},"locations":[{"start":{"line":88,"column":27},"end":{"line":88,"column":79}}]},"16":{"type":"branch","line":88,"loc":{"start":{"line":88,"column":62},"end":{"line":90,"column":1}},"locations":[{"start":{"line":88,"column":62},"end":{"line":90,"column":1}}]},"17":{"type":"branch","line":93,"loc":{"start":{"line":93,"column":7},"end":{"line":104,"column":1}},"locations":[{"start":{"line":93,"column":7},"end":{"line":104,"column":1}}]},"18":{"type":"branch","line":94,"loc":{"start":{"line":94,"column":45},"end":{"line":94,"column":88}},"locations":[{"start":{"line":94,"column":45},"end":{"line":94,"column":88}}]},"19":{"type":"branch","line":99,"loc":{"start":{"line":99,"column":49},"end":{"line":99,"column":71}},"locations":[{"start":{"line":99,"column":49},"end":{"line":99,"column":71}}]},"20":{"type":"branch","line":106,"loc":{"start":{"line":106,"column":7},"end":{"line":115,"column":1}},"locations":[{"start":{"line":106,"column":7},"end":{"line":115,"column":1}}]},"21":{"type":"branch","line":107,"loc":{"start":{"line":107,"column":7},"end":{"line":107,"column":39}},"locations":[{"start":{"line":107,"column":7},"end":{"line":107,"column":39}}]},"22":{"type":"branch","line":107,"loc":{"start":{"line":107,"column":39},"end":{"line":107,"column":77}},"locations":[{"start":{"line":107,"column":39},"end":{"line":107,"column":77}}]},"23":{"type":"branch","line":107,"loc":{"start":{"line":107,"column":76},"end":{"line":109,"column":48}},"locations":[{"start":{"line":107,"column":76},"end":{"line":109,"column":48}}]},"24":{"type":"branch","line":109,"loc":{"start":{"line":109,"column":41},"end":{"line":115,"column":1}},"locations":[{"start":{"line":109,"column":41},"end":{"line":115,"column":1}}]},"25":{"type":"branch","line":117,"loc":{"start":{"line":117,"column":0},"end":{"line":128,"column":1}},"locations":[{"start":{"line":117,"column":0},"end":{"line":128,"column":1}}]},"26":{"type":"branch","line":121,"loc":{"start":{"line":121,"column":23},"end":{"line":121,"column":41}},"locations":[{"start":{"line":121,"column":23},"end":{"line":121,"column":41}}]},"27":{"type":"branch","line":122,"loc":{"start":{"line":122,"column":46},"end":{"line":122,"column":87}},"locations":[{"start":{"line":122,"column":46},"end":{"line":122,"column":87}}]},"28":{"type":"branch","line":123,"loc":{"start":{"line":123,"column":48},"end":{"line":123,"column":91}},"locations":[{"start":{"line":123,"column":48},"end":{"line":123,"column":91}}]},"29":{"type":"branch","line":124,"loc":{"start":{"line":124,"column":37},"end":{"line":124,"column":87}},"locations":[{"start":{"line":124,"column":37},"end":{"line":124,"column":87}}]},"30":{"type":"branch","line":124,"loc":{"start":{"line":124,"column":87},"end":{"line":126,"column":3}},"locations":[{"start":{"line":124,"column":87},"end":{"line":126,"column":3}}]},"31":{"type":"branch","line":131,"loc":{"start":{"line":131,"column":7},"end":{"line":138,"column":1}},"locations":[{"start":{"line":131,"column":7},"end":{"line":138,"column":1}}]},"32":{"type":"branch","line":132,"loc":{"start":{"line":132,"column":39},"end":{"line":132,"column":55}},"locations":[{"start":{"line":132,"column":39},"end":{"line":132,"column":55}}]},"33":{"type":"branch","line":136,"loc":{"start":{"line":136,"column":25},"end":{"line":136,"column":41}},"locations":[{"start":{"line":136,"column":25},"end":{"line":136,"column":41}}]},"34":{"type":"branch","line":140,"loc":{"start":{"line":140,"column":7},"end":{"line":143,"column":1}},"locations":[{"start":{"line":140,"column":7},"end":{"line":143,"column":1}}]},"35":{"type":"branch","line":146,"loc":{"start":{"line":146,"column":7},"end":{"line":164,"column":1}},"locations":[{"start":{"line":146,"column":7},"end":{"line":164,"column":1}}]},"36":{"type":"branch","line":149,"loc":{"start":{"line":149,"column":4},"end":{"line":150,"column":30}},"locations":[{"start":{"line":149,"column":4},"end":{"line":150,"column":30}}]},"37":{"type":"branch","line":151,"loc":{"start":{"line":151,"column":4},"end":{"line":152,"column":28}},"locations":[{"start":{"line":151,"column":4},"end":{"line":152,"column":28}}]},"38":{"type":"branch","line":153,"loc":{"start":{"line":153,"column":4},"end":{"line":154,"column":29}},"locations":[{"start":{"line":153,"column":4},"end":{"line":154,"column":29}}]},"39":{"type":"branch","line":155,"loc":{"start":{"line":155,"column":4},"end":{"line":156,"column":28}},"locations":[{"start":{"line":155,"column":4},"end":{"line":156,"column":28}}]},"40":{"type":"branch","line":157,"loc":{"start":{"line":157,"column":4},"end":{"line":160,"column":5}},"locations":[{"start":{"line":157,"column":4},"end":{"line":160,"column":5}}]},"41":{"type":"branch","line":159,"loc":{"start":{"line":159,"column":52},"end":{"line":159,"column":72}},"locations":[{"start":{"line":159,"column":52},"end":{"line":159,"column":72}}]},"42":{"type":"branch","line":161,"loc":{"start":{"line":161,"column":4},"end":{"line":162,"column":30}},"locations":[{"start":{"line":161,"column":4},"end":{"line":162,"column":30}}]},"43":{"type":"branch","line":167,"loc":{"start":{"line":167,"column":7},"end":{"line":180,"column":1}},"locations":[{"start":{"line":167,"column":7},"end":{"line":180,"column":1}}]},"44":{"type":"branch","line":175,"loc":{"start":{"line":175,"column":37},"end":{"line":175,"column":66}},"locations":[{"start":{"line":175,"column":37},"end":{"line":175,"column":66}}]},"45":{"type":"branch","line":176,"loc":{"start":{"line":176,"column":49},"end":{"line":176,"column":90}},"locations":[{"start":{"line":176,"column":49},"end":{"line":176,"column":90}}]},"46":{"type":"branch","line":177,"loc":{"start":{"line":177,"column":51},"end":{"line":177,"column":94}},"locations":[{"start":{"line":177,"column":51},"end":{"line":177,"column":94}}]},"47":{"type":"branch","line":183,"loc":{"start":{"line":183,"column":7},"end":{"line":188,"column":1}},"locations":[{"start":{"line":183,"column":7},"end":{"line":188,"column":1}}]},"48":{"type":"branch","line":185,"loc":{"start":{"line":185,"column":21},"end":{"line":186,"column":29}},"locations":[{"start":{"line":185,"column":21},"end":{"line":186,"column":29}}]},"49":{"type":"branch","line":186,"loc":{"start":{"line":186,"column":8},"end":{"line":186,"column":54}},"locations":[{"start":{"line":186,"column":8},"end":{"line":186,"column":54}}]},"50":{"type":"branch","line":186,"loc":{"start":{"line":186,"column":54},"end":{"line":186,"column":65}},"locations":[{"start":{"line":186,"column":54},"end":{"line":186,"column":65}}]},"51":{"type":"branch","line":186,"loc":{"start":{"line":186,"column":61},"end":{"line":188,"column":1}},"locations":[{"start":{"line":186,"column":61},"end":{"line":188,"column":1}}]},"52":{"type":"branch","line":193,"loc":{"start":{"line":193,"column":7},"end":{"line":213,"column":1}},"locations":[{"start":{"line":193,"column":7},"end":{"line":213,"column":1}}]},"53":{"type":"branch","line":195,"loc":{"start":{"line":195,"column":39},"end":{"line":205,"column":54}},"locations":[{"start":{"line":195,"column":39},"end":{"line":205,"column":54}}]},"54":{"type":"branch","line":205,"loc":{"start":{"line":205,"column":54},"end":{"line":213,"column":1}},"locations":[{"start":{"line":205,"column":54},"end":{"line":213,"column":1}}]}},"b":{"0":[17],"1":[15],"2":[9],"3":[8],"4":[7],"5":[5],"6":[2],"7":[0],"8":[2],"9":[0],"10":[4],"11":[2],"12":[1],"13":[1],"14":[16],"15":[1],"16":[15],"17":[13],"18":[0],"19":[0],"20":[3],"21":[2],"22":[1],"23":[2],"24":[1],"25":[2],"26":[1],"27":[0],"28":[1],"29":[1],"30":[1],"31":[1],"32":[0],"33":[0],"34":[1],"35":[2],"36":[0],"37":[1],"38":[0],"39":[0],"40":[1],"41":[0],"42":[0],"43":[1],"44":[0],"45":[0],"46":[0],"47":[4],"48":[2],"49":[0],"50":[0],"51":[2],"52":[2],"53":[1],"54":[1]},"fnMap":{"0":{"name":"sanitizeCustomFontFamily","decl":{"start":{"line":67,"column":7},"end":{"line":75,"column":1}},"loc":{"start":{"line":67,"column":7},"end":{"line":75,"column":1}},"line":67},"1":{"name":"parseFontPreset","decl":{"start":{"line":77,"column":7},"end":{"line":84,"column":1}},"loc":{"start":{"line":77,"column":7},"end":{"line":84,"column":1}},"line":77},"2":{"name":"clampTypographyStrokeWidthPx","decl":{"start":{"line":87,"column":7},"end":{"line":90,"column":1}},"loc":{"start":{"line":87,"column":7},"end":{"line":90,"column":1}},"line":87},"3":{"name":"clampTypographySettings","decl":{"start":{"line":93,"column":7},"end":{"line":104,"column":1}},"loc":{"start":{"line":93,"column":7},"end":{"line":104,"column":1}},"line":93},"4":{"name":"parseTypographyState","decl":{"start":{"line":106,"column":7},"end":{"line":115,"column":1}},"loc":{"start":{"line":106,"column":7},"end":{"line":115,"column":1}},"line":106},"5":{"name":"parseTypographySettingsPartial","decl":{"start":{"line":117,"column":0},"end":{"line":128,"column":1}},"loc":{"start":{"line":117,"column":0},"end":{"line":128,"column":1}},"line":117},"6":{"name":"parseTypographyPartial","decl":{"start":{"line":131,"column":7},"end":{"line":138,"column":1}},"loc":{"start":{"line":131,"column":7},"end":{"line":138,"column":1}},"line":131},"7":{"name":"typographyStateToSettings","decl":{"start":{"line":140,"column":7},"end":{"line":143,"column":1}},"loc":{"start":{"line":140,"column":7},"end":{"line":143,"column":1}},"line":140},"8":{"name":"resolveFontFamilyCss","decl":{"start":{"line":146,"column":7},"end":{"line":164,"column":1}},"loc":{"start":{"line":146,"column":7},"end":{"line":164,"column":1}},"line":146},"9":{"name":"diffPartialTypography","decl":{"start":{"line":167,"column":7},"end":{"line":180,"column":1}},"loc":{"start":{"line":167,"column":7},"end":{"line":180,"column":1}},"line":167},"10":{"name":"isTypographyInjectionActive","decl":{"start":{"line":183,"column":7},"end":{"line":188,"column":1}},"loc":{"start":{"line":183,"column":7},"end":{"line":188,"column":1}},"line":183},"11":{"name":"buildTypographyCss","decl":{"start":{"line":193,"column":7},"end":{"line":213,"column":1}},"loc":{"start":{"line":193,"column":7},"end":{"line":213,"column":1}},"line":193}},"f":{"0":17,"1":15,"2":16,"3":13,"4":3,"5":2,"6":1,"7":1,"8":2,"9":1,"10":4,"11":2}}
}
